<?xml version="1.0" encoding="UTF-8"?>
<!-- Generated by org.testng.reporters.JUnitXMLReporter -->
<testsuite hostname="DESKTOP-LSKACAV" ignored="1" name="testng-week15-tutorialsninja-naresh" tests="1" failures="1" timestamp="2022-12-11T01:02:14 GMT" time="0.09" errors="0">
  <testcase name="verifyErrorMessageWithInvalidCredentials" time="0.001" classname="com.tutorialsninja.testsuite.LoginPageTest">
    <failure type="java.lang.NullPointerException">
      <![CDATA[java.lang.NullPointerException
at org.openqa.selenium.support.pagefactory.DefaultElementLocator.findElement(DefaultElementLocator.java:70)
at org.openqa.selenium.support.pagefactory.internal.LocatingElementHandler.invoke(LocatingElementHandler.java:39)
at com.sun.proxy.$Proxy7.click(Unknown Source)
at com.tutorialsninja.utility.Utility.clickOnElement(Utility.java:50)
at com.tutorialsninja.pages.HomePage.clickOnLoginLink(HomePage.java:17)
at com.tutorialsninja.testsuite.LoginPageTest.verifyErrorMessageWithInvalidCredentials(LoginPageTest.java:30)
at java.util.ArrayList.forEach(ArrayList.java:1249)
at com.intellij.rt.testng.IDEARemoteTestNG.run(IDEARemoteTestNG.java:66)
at com.intellij.rt.testng.RemoteTestNGStarter.main(RemoteTestNGStarter.java:109)
... Removed 24 stack frames]]>
    </failure>
  </testcase> <!-- verifyErrorMessageWithInvalidCredentials -->
  <testcase name="verifyUserShouldNavigateToLoginPage" time="0.0" classname="com.tutorialsninja.testsuite.LoginPageTest">
    <ignored/>
  </testcase> <!-- verifyUserShouldNavigateToLoginPage -->
</testsuite> <!-- testng-week15-tutorialsninja-naresh -->
