<?xml version="1.0" encoding="UTF-8"?>
<testsuite name="Regression Test"
           tests="3"
           failures="0"
           errors="0"
           skipped="0"
           time="2.755">
  <properties />
  
  
            <testcase name="verifyUserShouldNavigateToLaptopsAndNotebooksPageSuccessfully" time="0.895" classname="com.tutorialsninja.testsuite.HomePageTest" />
                <testcase name="verifyUserShouldNavigateToComponentsPageSuccessfully" time="0.726" classname="com.tutorialsninja.testsuite.HomePageTest" />
                <testcase name="verifyUserShouldNavigateToDesktopsPageSuccessfully" time="1.134" classname="com.tutorialsninja.testsuite.HomePageTest" />
      
</testsuite>
