<?xml version="1.0" encoding="UTF-8"?>
<testsuite name="Regression Test"
           tests="2"
           failures="0"
           errors="0"
           skipped="0"
           time="22.518">
  <properties />
  
  
            <testcase name="verifyProductAddedToShoppingCartSuccessFully" time="20.426" classname="com.tutorialsninja.testsuite.DesktopTest" />
                <testcase name="verifyProductArrangeInAlphabeticalOrder" time="2.092" classname="com.tutorialsninja.testsuite.DesktopTest" />
      
</testsuite>
