<?xml version="1.0" encoding="UTF-8"?>
<testng-results skipped="0" failed="2" ignored="0" total="11" passed="9">
  <reporter-output>
    <line>
      <![CDATA[clickOnCurrencyLink[[ChromeDriver: chrome on WINDOWS (e780a06e0d9da95322419468340cd096)] -> xpath: //span[contains(text(),'Currency')]]]]>
    </line>
    <line>
      <![CDATA[clickOnDesktopLink[[ChromeDriver: chrome on WINDOWS (e780a06e0d9da95322419468340cd096)] -> link text: Desktops]]]>
    </line>
    <line>
      <![CDATA[clickOnAllDesktop[[ChromeDriver: chrome on WINDOWS (e780a06e0d9da95322419468340cd096)] -> xpath: //a[contains(text(),'Show All Desktops')]]]]>
    </line>
    <line>
      <![CDATA[SortByNameZtoAfromDropdown[[ChromeDriver: chrome on WINDOWS (e780a06e0d9da95322419468340cd096)] -> id: input-sort]]]>
    </line>
    <line>
      <![CDATA[clickOnHPlp3065[[ChromeDriver: chrome on WINDOWS (e780a06e0d9da95322419468340cd096)] -> xpath: //a[contains(text(),'HP LP3065')]]]]>
    </line>
    <line>
      <![CDATA[getVerifyTextHp[[ChromeDriver: chrome on WINDOWS (e780a06e0d9da95322419468340cd096)] -> xpath: //h1[contains(text(),'HP LP3065')]]]]>
    </line>
    <line>
      <![CDATA[clickOnAdToCart[[ChromeDriver: chrome on WINDOWS (e780a06e0d9da95322419468340cd096)] -> xpath: //button[@id='button-cart']]]]>
    </line>
    <line>
      <![CDATA[getVerifyMessage[[ChromeDriver: chrome on WINDOWS (e780a06e0d9da95322419468340cd096)] -> css selector: body:nth-child(2) div.container:nth-child(4) > div.alert.alert-success.alert-dismissible]]]>
    </line>
    <line>
      <![CDATA[clickOnShppingCart[[ChromeDriver: chrome on WINDOWS (e780a06e0d9da95322419468340cd096)] -> xpath: //a[contains(text(),'shopping cart')]]]]>
    </line>
    <line>
      <![CDATA[getVerifyShoppingCart[[ChromeDriver: chrome on WINDOWS (e780a06e0d9da95322419468340cd096)] -> xpath: //div[@id='content']//h1]]]>
    </line>
    <line>
      <![CDATA[getVerifyProductNam[[ChromeDriver: chrome on WINDOWS (e780a06e0d9da95322419468340cd096)] -> xpath: //div[@class = 'table-responsive']/table/tbody/tr/td[2]/a]]]>
    </line>
    <line>
      <![CDATA[getVerifyMode[[ChromeDriver: chrome on WINDOWS (e780a06e0d9da95322419468340cd096)] -> xpath: //div[@class = 'table-responsive']/table/tbody/tr/td[3]]]]>
    </line>
    <line>
      <![CDATA[getVerifyTotal[[ChromeDriver: chrome on WINDOWS (e780a06e0d9da95322419468340cd096)] -> xpath: //div[@class = 'table-responsive']/table/tbody/tr/td[6]]]]>
    </line>
    <line>
      <![CDATA[Click to see screenshot]]>
    </line>
    <line>
      <![CDATA[<a target = "_blank" href=C:\Users\USER\IdeaProjects\testng-week15-tutorialsninja-naresh/test-output/html/verifyProductAddedToShoppingCartSuccessFullyTue_Dec_13_00_38_58_GMT_2022.jpg>Screenshot</a>]]>
    </line>
    <line>
      <![CDATA[<br>]]>
    </line>
    <line>
      <![CDATA[<br>]]>
    </line>
    <line>
      <![CDATA[<a target = "_blank" href=C:\Users\USER\IdeaProjects\testng-week15-tutorialsninja-naresh/test-output/html/verifyProductAddedToShoppingCartSuccessFullyTue_Dec_13_00_38_58_GMT_2022.jpg><img src=C:\Users\USER\IdeaProjects\testng-week15-tutorialsninja-naresh/test-output/html/verifyProductAddedToShoppingCartSuccessFullyTue_Dec_13_00_38_58_GMT_2022.jpg height=200 width=200></img></a>]]>
    </line>
    <line>
      <![CDATA[clickOnDesktopLink[[ChromeDriver: chrome on WINDOWS (918e29c647bc6fe7d51bb9b014e98868)] -> link text: Desktops]]]>
    </line>
    <line>
      <![CDATA[clickOnAllDesktop[[ChromeDriver: chrome on WINDOWS (918e29c647bc6fe7d51bb9b014e98868)] -> xpath: //a[contains(text(),'Show All Desktops')]]]]>
    </line>
    <line>
      <![CDATA[Click to see screenshot]]>
    </line>
    <line>
      <![CDATA[<a target = "_blank" href=C:\Users\USER\IdeaProjects\testng-week15-tutorialsninja-naresh/test-output/html/verifyProductArrangeInAlphabeticalOrderTue_Dec_13_00_39_04_GMT_2022.jpg>Screenshot</a>]]>
    </line>
    <line>
      <![CDATA[<br>]]>
    </line>
    <line>
      <![CDATA[<br>]]>
    </line>
    <line>
      <![CDATA[<a target = "_blank" href=C:\Users\USER\IdeaProjects\testng-week15-tutorialsninja-naresh/test-output/html/verifyProductArrangeInAlphabeticalOrderTue_Dec_13_00_39_04_GMT_2022.jpg><img src=C:\Users\USER\IdeaProjects\testng-week15-tutorialsninja-naresh/test-output/html/verifyProductArrangeInAlphabeticalOrderTue_Dec_13_00_39_04_GMT_2022.jpg height=200 width=200></img></a>]]>
    </line>
    <line>
      <![CDATA[clickOnComponantsLink[[ChromeDriver: chrome on WINDOWS (e286b093a11615420d99e650bc151db6)] -> link text: Components]]]>
    </line>
    <line>
      <![CDATA[getVerifyText2[[ChromeDriver: chrome on WINDOWS (e286b093a11615420d99e650bc151db6)] -> xpath: //h2[contains(text(),'Components')]]]]>
    </line>
    <line>
      <![CDATA[Click to see screenshot]]>
    </line>
    <line>
      <![CDATA[<a target = "_blank" href=C:\Users\USER\IdeaProjects\testng-week15-tutorialsninja-naresh/test-output/html/verifyUserShouldNavigateToComponentsPageSuccessfullyTue_Dec_13_00_39_10_GMT_2022.jpg>Screenshot</a>]]>
    </line>
    <line>
      <![CDATA[<br>]]>
    </line>
    <line>
      <![CDATA[<br>]]>
    </line>
    <line>
      <![CDATA[<a target = "_blank" href=C:\Users\USER\IdeaProjects\testng-week15-tutorialsninja-naresh/test-output/html/verifyUserShouldNavigateToComponentsPageSuccessfullyTue_Dec_13_00_39_10_GMT_2022.jpg><img src=C:\Users\USER\IdeaProjects\testng-week15-tutorialsninja-naresh/test-output/html/verifyUserShouldNavigateToComponentsPageSuccessfullyTue_Dec_13_00_39_10_GMT_2022.jpg height=200 width=200></img></a>]]>
    </line>
    <line>
      <![CDATA[clickOnDesktopLink[[ChromeDriver: chrome on WINDOWS (68fb56da176fc3e3d4acc30e30f429a2)] -> link text: Desktops]]]>
    </line>
    <line>
      <![CDATA[getVerifyText[[ChromeDriver: chrome on WINDOWS (68fb56da176fc3e3d4acc30e30f429a2)] -> xpath: //h2[contains(text(),'Desktops')]]]]>
    </line>
    <line>
      <![CDATA[Click to see screenshot]]>
    </line>
    <line>
      <![CDATA[<a target = "_blank" href=C:\Users\USER\IdeaProjects\testng-week15-tutorialsninja-naresh/test-output/html/verifyUserShouldNavigateToDesktopsPageSuccessfullyTue_Dec_13_00_39_15_GMT_2022.jpg>Screenshot</a>]]>
    </line>
    <line>
      <![CDATA[<br>]]>
    </line>
    <line>
      <![CDATA[<br>]]>
    </line>
    <line>
      <![CDATA[<a target = "_blank" href=C:\Users\USER\IdeaProjects\testng-week15-tutorialsninja-naresh/test-output/html/verifyUserShouldNavigateToDesktopsPageSuccessfullyTue_Dec_13_00_39_15_GMT_2022.jpg><img src=C:\Users\USER\IdeaProjects\testng-week15-tutorialsninja-naresh/test-output/html/verifyUserShouldNavigateToDesktopsPageSuccessfullyTue_Dec_13_00_39_15_GMT_2022.jpg height=200 width=200></img></a>]]>
    </line>
    <line>
      <![CDATA[clickOnLaptopNotebooksLink[[ChromeDriver: chrome on WINDOWS (c7cc6b5be18c8d891f1ff0f852b6364e)] -> link text: Laptops & Notebooks]]]>
    </line>
    <line>
      <![CDATA[getVerifyText1[[ChromeDriver: chrome on WINDOWS (c7cc6b5be18c8d891f1ff0f852b6364e)] -> xpath: //h2[contains(text(),'Laptops & Notebooks')]]]]>
    </line>
    <line>
      <![CDATA[Click to see screenshot]]>
    </line>
    <line>
      <![CDATA[<a target = "_blank" href=C:\Users\USER\IdeaProjects\testng-week15-tutorialsninja-naresh/test-output/html/verifyUserShouldNavigateToLaptopsAndNotebooksPageSuccessfullyTue_Dec_13_00_39_21_GMT_2022.jpg>Screenshot</a>]]>
    </line>
    <line>
      <![CDATA[<br>]]>
    </line>
    <line>
      <![CDATA[<br>]]>
    </line>
    <line>
      <![CDATA[<a target = "_blank" href=C:\Users\USER\IdeaProjects\testng-week15-tutorialsninja-naresh/test-output/html/verifyUserShouldNavigateToLaptopsAndNotebooksPageSuccessfullyTue_Dec_13_00_39_21_GMT_2022.jpg><img src=C:\Users\USER\IdeaProjects\testng-week15-tutorialsninja-naresh/test-output/html/verifyUserShouldNavigateToLaptopsAndNotebooksPageSuccessfullyTue_Dec_13_00_39_21_GMT_2022.jpg height=200 width=200></img></a>]]>
    </line>
    <line>
      <![CDATA[clickOnAllLaptopAndNotebooksLink[[ChromeDriver: chrome on WINDOWS (14d4e7b89a16696cdc34840fa74d4c54)] -> link text: Show All Laptops & Notebooks]]]>
    </line>
    <line>
      <![CDATA[Click to see screenshot]]>
    </line>
    <line>
      <![CDATA[<a target = "_blank" href=C:\Users\USER\IdeaProjects\testng-week15-tutorialsninja-naresh/test-output/html/verifyProductsPriceDisplayHighToLowSuccessfullyTue_Dec_13_00_39_27_GMT_2022.jpg>Screenshot</a>]]>
    </line>
    <line>
      <![CDATA[<br>]]>
    </line>
    <line>
      <![CDATA[<br>]]>
    </line>
    <line>
      <![CDATA[<a target = "_blank" href=C:\Users\USER\IdeaProjects\testng-week15-tutorialsninja-naresh/test-output/html/verifyProductsPriceDisplayHighToLowSuccessfullyTue_Dec_13_00_39_27_GMT_2022.jpg><img src=C:\Users\USER\IdeaProjects\testng-week15-tutorialsninja-naresh/test-output/html/verifyProductsPriceDisplayHighToLowSuccessfullyTue_Dec_13_00_39_27_GMT_2022.jpg height=200 width=200></img></a>]]>
    </line>
    <line>
      <![CDATA[clickOnAllLaptopAndNotebooksLink[[ChromeDriver: chrome on WINDOWS (fc9b20e4f70390e2fef0607b0fd255e5)] -> link text: Show All Laptops & Notebooks]]]>
    </line>
    <line>
      <![CDATA[sortByPriceHighToLowfromDropdown[[ChromeDriver: chrome on WINDOWS (fc9b20e4f70390e2fef0607b0fd255e5)] -> id: input-sort]]]>
    </line>
    <line>
      <![CDATA[clickOnMacbookLink[[ChromeDriver: chrome on WINDOWS (fc9b20e4f70390e2fef0607b0fd255e5)] -> link text: MacBook]]]>
    </line>
    <line>
      <![CDATA[getVerifyMacbook[[ChromeDriver: chrome on WINDOWS (fc9b20e4f70390e2fef0607b0fd255e5)] -> link text: MacBook]]]>
    </line>
    <line>
      <![CDATA[clickOnAddToCart[[ChromeDriver: chrome on WINDOWS (fc9b20e4f70390e2fef0607b0fd255e5)] -> xpath: //button[@id='button-cart']]]]>
    </line>
    <line>
      <![CDATA[getVerifySuccess[[ChromeDriver: chrome on WINDOWS (fc9b20e4f70390e2fef0607b0fd255e5)] -> xpath: //div[@class='alert alert-success alert-dismissible']]]]>
    </line>
    <line>
      <![CDATA[clickOnShoppingCart[[ChromeDriver: chrome on WINDOWS (fc9b20e4f70390e2fef0607b0fd255e5)] -> xpath: //button[@id='button-cart']]]]>
    </line>
    <line>
      <![CDATA[getVerifyProductMacbook[[ChromeDriver: chrome on WINDOWS (fc9b20e4f70390e2fef0607b0fd255e5)] -> xpath: //div[@id='content']//h1]]]>
    </line>
    <line>
      <![CDATA[sendTextToQuantityField[[ChromeDriver: chrome on WINDOWS (fc9b20e4f70390e2fef0607b0fd255e5)] -> xpath: //input[contains(@name, 'quantity')]]]]>
    </line>
    <line>
      <![CDATA[clickOnCheckoutCart[[ChromeDriver: chrome on WINDOWS (fc9b20e4f70390e2fef0607b0fd255e5)] -> xpath: //header/div[1]/div[1]/div[3]/div[1]/button[1]]]]>
    </line>
    <line>
      <![CDATA[clickOnFinalCheckout[[ChromeDriver: chrome on WINDOWS (fc9b20e4f70390e2fef0607b0fd255e5)] -> xpath: //body[1]/header[1]/div[1]/div[1]/div[3]/div[1]/ul[1]/li[2]/div[1]/p[1]/a[2]/strong[1]]]]>
    </line>
    <line>
      <![CDATA[getVerifyCheckout[[ChromeDriver: chrome on WINDOWS (fc9b20e4f70390e2fef0607b0fd255e5)] -> xpath: //a[contains(text(),'Checkout')]]]]>
    </line>
    <line>
      <![CDATA[getVerifyNewCustomer[[ChromeDriver: chrome on WINDOWS (fc9b20e4f70390e2fef0607b0fd255e5)] -> xpath: //div[@class='col-sm-6']//h2]]]>
    </line>
    <line>
      <![CDATA[clickOnGuestCheckout[[ChromeDriver: chrome on WINDOWS (fc9b20e4f70390e2fef0607b0fd255e5)] -> xpath: //label[text()[normalize-space()='Guest Checkout']]]]]>
    </line>
    <line>
      <![CDATA[clickOnContinueTab[[ChromeDriver: chrome on WINDOWS (fc9b20e4f70390e2fef0607b0fd255e5)] -> xpath: //input[@id='button-account']]]]>
    </line>
    <line>
      <![CDATA[enterNam[[ChromeDriver: chrome on WINDOWS (fc9b20e4f70390e2fef0607b0fd255e5)] -> name: firstname]]]>
    </line>
    <line>
      <![CDATA[enterLastName[[ChromeDriver: chrome on WINDOWS (fc9b20e4f70390e2fef0607b0fd255e5)] -> name: lastname]]]>
    </line>
    <line>
      <![CDATA[enterEmail[[ChromeDriver: chrome on WINDOWS (fc9b20e4f70390e2fef0607b0fd255e5)] -> id: input-payment-email]]]>
    </line>
    <line>
      <![CDATA[enterTelephone[[ChromeDriver: chrome on WINDOWS (fc9b20e4f70390e2fef0607b0fd255e5)] -> name: telephone]]]>
    </line>
    <line>
      <![CDATA[enterAddress[[ChromeDriver: chrome on WINDOWS (fc9b20e4f70390e2fef0607b0fd255e5)] -> name: address_1]]]>
    </line>
    <line>
      <![CDATA[enterCity[[ChromeDriver: chrome on WINDOWS (fc9b20e4f70390e2fef0607b0fd255e5)] -> name: city]]]>
    </line>
    <line>
      <![CDATA[enterPostcode[[ChromeDriver: chrome on WINDOWS (fc9b20e4f70390e2fef0607b0fd255e5)] -> name: postcode]]]>
    </line>
    <line>
      <![CDATA[enterCountry[[ChromeDriver: chrome on WINDOWS (fc9b20e4f70390e2fef0607b0fd255e5)] -> id: input-payment-country]]]>
    </line>
    <line>
      <![CDATA[enterState[[ChromeDriver: chrome on WINDOWS (fc9b20e4f70390e2fef0607b0fd255e5)] -> xpath: //select[@id='input-payment-zone']]]]>
    </line>
    <line>
      <![CDATA[clickOnCheckout[[ChromeDriver: chrome on WINDOWS (fc9b20e4f70390e2fef0607b0fd255e5)] -> xpath: (//input[@value='Continue'])[2]]]]>
    </line>
    <line>
      <![CDATA[enterTextProxy element for: DefaultElementLocator 'By.xpath: //textarea[@name='comment']']]>
    </line>
    <line>
      <![CDATA[Click to see screenshot]]>
    </line>
    <line>
      <![CDATA[<a target = "_blank" href=C:\Users\USER\IdeaProjects\testng-week15-tutorialsninja-naresh/test-output/html/verifyThatUserPlaceOrderSuccessfullyTue_Dec_13_00_40_28_GMT_2022.jpg>Screenshot</a>]]>
    </line>
    <line>
      <![CDATA[<br>]]>
    </line>
    <line>
      <![CDATA[<br>]]>
    </line>
    <line>
      <![CDATA[<a target = "_blank" href=C:\Users\USER\IdeaProjects\testng-week15-tutorialsninja-naresh/test-output/html/verifyThatUserPlaceOrderSuccessfullyTue_Dec_13_00_40_28_GMT_2022.jpg><img src=C:\Users\USER\IdeaProjects\testng-week15-tutorialsninja-naresh/test-output/html/verifyThatUserPlaceOrderSuccessfullyTue_Dec_13_00_40_28_GMT_2022.jpg height=200 width=200></img></a>]]>
    </line>
    <line>
      <![CDATA[clickonMyAccount[[ChromeDriver: chrome on WINDOWS (b213698c5e8873da0f58677f83d8fa73)] -> xpath: //span[contains(text(),'My Account')]]]]>
    </line>
    <line>
      <![CDATA[enterFirstName[[ChromeDriver: chrome on WINDOWS (b213698c5e8873da0f58677f83d8fa73)] -> id: input-firstname]]]>
    </line>
    <line>
      <![CDATA[enterLastName[[ChromeDriver: chrome on WINDOWS (b213698c5e8873da0f58677f83d8fa73)] -> id: input-lastname]]]>
    </line>
    <line>
      <![CDATA[enterEmailAdd[[ChromeDriver: chrome on WINDOWS (b213698c5e8873da0f58677f83d8fa73)] -> id: input-email]]]>
    </line>
    <line>
      <![CDATA[enterPhoneBy.id: input-telephone]]>
    </line>
    <line>
      <![CDATA[enterPassword[[ChromeDriver: chrome on WINDOWS (b213698c5e8873da0f58677f83d8fa73)] -> id: input-password]]]>
    </line>
    <line>
      <![CDATA[enterConfirmPass[[ChromeDriver: chrome on WINDOWS (b213698c5e8873da0f58677f83d8fa73)] -> id: input-confirm]]]>
    </line>
    <line>
      <![CDATA[clickYesonNewsLetter[[ChromeDriver: chrome on WINDOWS (b213698c5e8873da0f58677f83d8fa73)] -> xpath: //input[@name='newsletter']]]]>
    </line>
    <line>
      <![CDATA[clickOnPrivacy[[ChromeDriver: chrome on WINDOWS (b213698c5e8873da0f58677f83d8fa73)] -> xpath: //div[@class = 'buttons']//input[@name='agree']]]]>
    </line>
    <line>
      <![CDATA[clickFinalContinue[[ChromeDriver: chrome on WINDOWS (b213698c5e8873da0f58677f83d8fa73)] -> xpath: //div[@class = 'buttons']//input[@value='Continue']]]]>
    </line>
    <line>
      <![CDATA[clickOnContinueButton[[ChromeDriver: chrome on WINDOWS (b213698c5e8873da0f58677f83d8fa73)] -> xpath: //a[contains(text(),'Continue')]]]]>
    </line>
    <line>
      <![CDATA[clickOnMyAccountTab[[ChromeDriver: chrome on WINDOWS (b213698c5e8873da0f58677f83d8fa73)] -> xpath: //span[contains(text(),'My Account')]]]]>
    </line>
    <line>
      <![CDATA[getVerifyLogout[[ChromeDriver: chrome on WINDOWS (b213698c5e8873da0f58677f83d8fa73)] -> xpath: //h1[contains(text(),'Account Logout')]]]]>
    </line>
    <line>
      <![CDATA[clickOnContinueTab[[ChromeDriver: chrome on WINDOWS (b213698c5e8873da0f58677f83d8fa73)] -> xpath: //a[contains(text(),'Continue')]]]]>
    </line>
    <line>
      <![CDATA[Click to see screenshot]]>
    </line>
    <line>
      <![CDATA[<a target = "_blank" href=C:\Users\USER\IdeaProjects\testng-week15-tutorialsninja-naresh/test-output/html/verifyThatUserRegisterAccountSuccessfullyTue_Dec_13_00_40_58_GMT_2022.jpg>Screenshot</a>]]>
    </line>
    <line>
      <![CDATA[<br>]]>
    </line>
    <line>
      <![CDATA[<br>]]>
    </line>
    <line>
      <![CDATA[<a target = "_blank" href=C:\Users\USER\IdeaProjects\testng-week15-tutorialsninja-naresh/test-output/html/verifyThatUserRegisterAccountSuccessfullyTue_Dec_13_00_40_58_GMT_2022.jpg><img src=C:\Users\USER\IdeaProjects\testng-week15-tutorialsninja-naresh/test-output/html/verifyThatUserRegisterAccountSuccessfullyTue_Dec_13_00_40_58_GMT_2022.jpg height=200 width=200></img></a>]]>
    </line>
    <line>
      <![CDATA[clickonMyAccount[[ChromeDriver: chrome on WINDOWS (064ba8fe67237017ba43c0156ab800a6)] -> xpath: //span[contains(text(),'My Account')]]]]>
    </line>
    <line>
      <![CDATA[enterEmailAdd[[ChromeDriver: chrome on WINDOWS (064ba8fe67237017ba43c0156ab800a6)] -> id: input-email]]]>
    </line>
    <line>
      <![CDATA[enterPassword[[ChromeDriver: chrome on WINDOWS (064ba8fe67237017ba43c0156ab800a6)] -> id: input-password]]]>
    </line>
    <line>
      <![CDATA[clickOnMyAccountTab[[ChromeDriver: chrome on WINDOWS (064ba8fe67237017ba43c0156ab800a6)] -> xpath: //span[contains(text(),'My Account')]]]]>
    </line>
    <line>
      <![CDATA[clickOnContinueTab[[ChromeDriver: chrome on WINDOWS (064ba8fe67237017ba43c0156ab800a6)] -> xpath: //a[contains(text(),'Continue')]]]]>
    </line>
    <line>
      <![CDATA[Click to see screenshot]]>
    </line>
    <line>
      <![CDATA[<a target = "_blank" href=C:\Users\USER\IdeaProjects\testng-week15-tutorialsninja-naresh/test-output/html/verifyThatUserShouldLoginAndLogoutSuccessfullyTue_Dec_13_00_41_05_GMT_2022.jpg>Screenshot</a>]]>
    </line>
    <line>
      <![CDATA[<br>]]>
    </line>
    <line>
      <![CDATA[<br>]]>
    </line>
    <line>
      <![CDATA[<a target = "_blank" href=C:\Users\USER\IdeaProjects\testng-week15-tutorialsninja-naresh/test-output/html/verifyThatUserShouldLoginAndLogoutSuccessfullyTue_Dec_13_00_41_05_GMT_2022.jpg><img src=C:\Users\USER\IdeaProjects\testng-week15-tutorialsninja-naresh/test-output/html/verifyThatUserShouldLoginAndLogoutSuccessfullyTue_Dec_13_00_41_05_GMT_2022.jpg height=200 width=200></img></a>]]>
    </line>
    <line>
      <![CDATA[clickonMyAccount[[ChromeDriver: chrome on WINDOWS (3d0ca5bd1c6760cb94b9b76dddb2782e)] -> xpath: //span[contains(text(),'My Account')]]]]>
    </line>
    <line>
      <![CDATA[getVerifyReturning[[ChromeDriver: chrome on WINDOWS (3d0ca5bd1c6760cb94b9b76dddb2782e)] -> xpath: //h2[contains(text(),'Returning Customer')]]]]>
    </line>
    <line>
      <![CDATA[Click to see screenshot]]>
    </line>
    <line>
      <![CDATA[<a target = "_blank" href=C:\Users\USER\IdeaProjects\testng-week15-tutorialsninja-naresh/test-output/html/verifyUserShouldNavigateToLoginPageSuccessfullyTue_Dec_13_00_41_10_GMT_2022.jpg>Screenshot</a>]]>
    </line>
    <line>
      <![CDATA[<br>]]>
    </line>
    <line>
      <![CDATA[<br>]]>
    </line>
    <line>
      <![CDATA[<a target = "_blank" href=C:\Users\USER\IdeaProjects\testng-week15-tutorialsninja-naresh/test-output/html/verifyUserShouldNavigateToLoginPageSuccessfullyTue_Dec_13_00_41_10_GMT_2022.jpg><img src=C:\Users\USER\IdeaProjects\testng-week15-tutorialsninja-naresh/test-output/html/verifyUserShouldNavigateToLoginPageSuccessfullyTue_Dec_13_00_41_10_GMT_2022.jpg height=200 width=200></img></a>]]>
    </line>
    <line>
      <![CDATA[clickonMyAccount[[ChromeDriver: chrome on WINDOWS (239b6d703f4779e2139ab07df42cd140)] -> xpath: //span[contains(text(),'My Account')]]]]>
    </line>
    <line>
      <![CDATA[getVerifyRegister[[ChromeDriver: chrome on WINDOWS (239b6d703f4779e2139ab07df42cd140)] -> xpath: //h1[contains(text(),'Register Account')]]]]>
    </line>
    <line>
      <![CDATA[Click to see screenshot]]>
    </line>
    <line>
      <![CDATA[<a target = "_blank" href=C:\Users\USER\IdeaProjects\testng-week15-tutorialsninja-naresh/test-output/html/verifyUserShouldNavigateToRegisterPageSuccessfullyTue_Dec_13_00_41_35_GMT_2022.jpg>Screenshot</a>]]>
    </line>
    <line>
      <![CDATA[<br>]]>
    </line>
    <line>
      <![CDATA[<br>]]>
    </line>
    <line>
      <![CDATA[<a target = "_blank" href=C:\Users\USER\IdeaProjects\testng-week15-tutorialsninja-naresh/test-output/html/verifyUserShouldNavigateToRegisterPageSuccessfullyTue_Dec_13_00_41_35_GMT_2022.jpg><img src=C:\Users\USER\IdeaProjects\testng-week15-tutorialsninja-naresh/test-output/html/verifyUserShouldNavigateToRegisterPageSuccessfullyTue_Dec_13_00_41_35_GMT_2022.jpg height=200 width=200></img></a>]]>
    </line>
  </reporter-output>
  <suite name="Regression suite" duration-ms="184266" started-at="2022-12-13T00:38:32 GMT" finished-at="2022-12-13T00:41:36 GMT">
    <groups>
      <group name="regression">
        <method signature="DesktopTest.verifyProductAddedToShoppingCartSuccessFully()[pri:0, instance:com.tutorialsninja.testsuite.DesktopTest@47db50c5]" name="verifyProductAddedToShoppingCartSuccessFully" class="com.tutorialsninja.testsuite.DesktopTest"/>
        <method signature="DesktopTest.verifyProductArrangeInAlphabeticalOrder()[pri:0, instance:com.tutorialsninja.testsuite.DesktopTest@47db50c5]" name="verifyProductArrangeInAlphabeticalOrder" class="com.tutorialsninja.testsuite.DesktopTest"/>
        <method signature="HomePageTest.verifyUserShouldNavigateToComponentsPageSuccessfully()[pri:0, instance:com.tutorialsninja.testsuite.HomePageTest@4ae82894]" name="verifyUserShouldNavigateToComponentsPageSuccessfully" class="com.tutorialsninja.testsuite.HomePageTest"/>
        <method signature="HomePageTest.verifyUserShouldNavigateToDesktopsPageSuccessfully()[pri:0, instance:com.tutorialsninja.testsuite.HomePageTest@4ae82894]" name="verifyUserShouldNavigateToDesktopsPageSuccessfully" class="com.tutorialsninja.testsuite.HomePageTest"/>
        <method signature="HomePageTest.verifyUserShouldNavigateToLaptopsAndNotebooksPageSuccessfully()[pri:0, instance:com.tutorialsninja.testsuite.HomePageTest@4ae82894]" name="verifyUserShouldNavigateToLaptopsAndNotebooksPageSuccessfully" class="com.tutorialsninja.testsuite.HomePageTest"/>
        <method signature="LaptopsAndNotebookTest.verifyProductsPriceDisplayHighToLowSuccessfully()[pri:0, instance:com.tutorialsninja.testsuite.LaptopsAndNotebookTest@6d3af739]" name="verifyProductsPriceDisplayHighToLowSuccessfully" class="com.tutorialsninja.testsuite.LaptopsAndNotebookTest"/>
        <method signature="LaptopsAndNotebookTest.verifyThatUserPlaceOrderSuccessfully()[pri:0, instance:com.tutorialsninja.testsuite.LaptopsAndNotebookTest@6d3af739]" name="verifyThatUserPlaceOrderSuccessfully" class="com.tutorialsninja.testsuite.LaptopsAndNotebookTest"/>
        <method signature="MyAccountTest.verifyThatUserRegisterAccountSuccessfully()[pri:0, instance:com.tutorialsninja.testsuite.MyAccountTest@1da51a35]" name="verifyThatUserRegisterAccountSuccessfully" class="com.tutorialsninja.testsuite.MyAccountTest"/>
        <method signature="MyAccountTest.verifyThatUserShouldLoginAndLogoutSuccessfully()[pri:0, instance:com.tutorialsninja.testsuite.MyAccountTest@1da51a35]" name="verifyThatUserShouldLoginAndLogoutSuccessfully" class="com.tutorialsninja.testsuite.MyAccountTest"/>
        <method signature="MyAccountTest.verifyUserShouldNavigateToLoginPageSuccessfully()[pri:0, instance:com.tutorialsninja.testsuite.MyAccountTest@1da51a35]" name="verifyUserShouldNavigateToLoginPageSuccessfully" class="com.tutorialsninja.testsuite.MyAccountTest"/>
        <method signature="MyAccountTest.verifyUserShouldNavigateToRegisterPageSuccessfully()[pri:0, instance:com.tutorialsninja.testsuite.MyAccountTest@1da51a35]" name="verifyUserShouldNavigateToRegisterPageSuccessfully" class="com.tutorialsninja.testsuite.MyAccountTest"/>
      </group> <!-- regression -->
      <group name="regression1">
        <method signature="HomePageTest.verifyUserShouldNavigateToComponentsPageSuccessfully()[pri:0, instance:com.tutorialsninja.testsuite.HomePageTest@4ae82894]" name="verifyUserShouldNavigateToComponentsPageSuccessfully" class="com.tutorialsninja.testsuite.HomePageTest"/>
      </group> <!-- regression1 -->
      <group name="smoke">
        <method signature="DesktopTest.verifyProductAddedToShoppingCartSuccessFully()[pri:0, instance:com.tutorialsninja.testsuite.DesktopTest@47db50c5]" name="verifyProductAddedToShoppingCartSuccessFully" class="com.tutorialsninja.testsuite.DesktopTest"/>
        <method signature="HomePageTest.verifyUserShouldNavigateToComponentsPageSuccessfully()[pri:0, instance:com.tutorialsninja.testsuite.HomePageTest@4ae82894]" name="verifyUserShouldNavigateToComponentsPageSuccessfully" class="com.tutorialsninja.testsuite.HomePageTest"/>
        <method signature="HomePageTest.verifyUserShouldNavigateToLaptopsAndNotebooksPageSuccessfully()[pri:0, instance:com.tutorialsninja.testsuite.HomePageTest@4ae82894]" name="verifyUserShouldNavigateToLaptopsAndNotebooksPageSuccessfully" class="com.tutorialsninja.testsuite.HomePageTest"/>
        <method signature="LaptopsAndNotebookTest.verifyThatUserPlaceOrderSuccessfully()[pri:0, instance:com.tutorialsninja.testsuite.LaptopsAndNotebookTest@6d3af739]" name="verifyThatUserPlaceOrderSuccessfully" class="com.tutorialsninja.testsuite.LaptopsAndNotebookTest"/>
        <method signature="MyAccountTest.verifyThatUserRegisterAccountSuccessfully()[pri:0, instance:com.tutorialsninja.testsuite.MyAccountTest@1da51a35]" name="verifyThatUserRegisterAccountSuccessfully" class="com.tutorialsninja.testsuite.MyAccountTest"/>
        <method signature="MyAccountTest.verifyThatUserShouldLoginAndLogoutSuccessfully()[pri:0, instance:com.tutorialsninja.testsuite.MyAccountTest@1da51a35]" name="verifyThatUserShouldLoginAndLogoutSuccessfully" class="com.tutorialsninja.testsuite.MyAccountTest"/>
      </group> <!-- smoke -->
      <group name="sanity">
        <method signature="DesktopTest.verifyProductAddedToShoppingCartSuccessFully()[pri:0, instance:com.tutorialsninja.testsuite.DesktopTest@47db50c5]" name="verifyProductAddedToShoppingCartSuccessFully" class="com.tutorialsninja.testsuite.DesktopTest"/>
        <method signature="DesktopTest.verifyProductArrangeInAlphabeticalOrder()[pri:0, instance:com.tutorialsninja.testsuite.DesktopTest@47db50c5]" name="verifyProductArrangeInAlphabeticalOrder" class="com.tutorialsninja.testsuite.DesktopTest"/>
        <method signature="HomePageTest.verifyUserShouldNavigateToDesktopsPageSuccessfully()[pri:0, instance:com.tutorialsninja.testsuite.HomePageTest@4ae82894]" name="verifyUserShouldNavigateToDesktopsPageSuccessfully" class="com.tutorialsninja.testsuite.HomePageTest"/>
        <method signature="LaptopsAndNotebookTest.verifyProductsPriceDisplayHighToLowSuccessfully()[pri:0, instance:com.tutorialsninja.testsuite.LaptopsAndNotebookTest@6d3af739]" name="verifyProductsPriceDisplayHighToLowSuccessfully" class="com.tutorialsninja.testsuite.LaptopsAndNotebookTest"/>
        <method signature="MyAccountTest.verifyThatUserShouldLoginAndLogoutSuccessfully()[pri:0, instance:com.tutorialsninja.testsuite.MyAccountTest@1da51a35]" name="verifyThatUserShouldLoginAndLogoutSuccessfully" class="com.tutorialsninja.testsuite.MyAccountTest"/>
        <method signature="MyAccountTest.verifyUserShouldNavigateToLoginPageSuccessfully()[pri:0, instance:com.tutorialsninja.testsuite.MyAccountTest@1da51a35]" name="verifyUserShouldNavigateToLoginPageSuccessfully" class="com.tutorialsninja.testsuite.MyAccountTest"/>
        <method signature="MyAccountTest.verifyUserShouldNavigateToRegisterPageSuccessfully()[pri:0, instance:com.tutorialsninja.testsuite.MyAccountTest@1da51a35]" name="verifyUserShouldNavigateToRegisterPageSuccessfully" class="com.tutorialsninja.testsuite.MyAccountTest"/>
      </group> <!-- sanity -->
    </groups>
    <test name="Regression Test" duration-ms="184266" started-at="2022-12-13T00:38:32 GMT" finished-at="2022-12-13T00:41:36 GMT">
      <class name="com.tutorialsninja.testsuite.LaptopsAndNotebookTest">
        <test-method status="PASS" signature="setUp()[pri:0, instance:com.tutorialsninja.testsuite.LaptopsAndNotebookTest@6d3af739]" name="setUp" is-config="true" duration-ms="3491" started-at="2022-12-13T00:39:22 GMT" finished-at="2022-12-13T00:39:25 GMT">
          <reporter-output>
          </reporter-output>
        </test-method> <!-- setUp -->
        <test-method status="PASS" signature="inIt()[pri:0, instance:com.tutorialsninja.testsuite.LaptopsAndNotebookTest@6d3af739]" name="inIt" is-config="true" duration-ms="3" started-at="2022-12-13T00:39:25 GMT" finished-at="2022-12-13T00:39:25 GMT">
          <reporter-output>
          </reporter-output>
        </test-method> <!-- inIt -->
        <test-method status="PASS" signature="verifyProductsPriceDisplayHighToLowSuccessfully()[pri:0, instance:com.tutorialsninja.testsuite.LaptopsAndNotebookTest@6d3af739]" name="verifyProductsPriceDisplayHighToLowSuccessfully" duration-ms="1595" started-at="2022-12-13T00:39:25 GMT" finished-at="2022-12-13T00:39:27 GMT">
          <reporter-output>
            <line>
              <![CDATA[clickOnAllLaptopAndNotebooksLink[[ChromeDriver: chrome on WINDOWS (14d4e7b89a16696cdc34840fa74d4c54)] -> link text: Show All Laptops & Notebooks]]]>
            </line>
            <line>
              <![CDATA[Click to see screenshot]]>
            </line>
            <line>
              <![CDATA[<a target = "_blank" href=C:\Users\USER\IdeaProjects\testng-week15-tutorialsninja-naresh/test-output/html/verifyProductsPriceDisplayHighToLowSuccessfullyTue_Dec_13_00_39_27_GMT_2022.jpg>Screenshot</a>]]>
            </line>
            <line>
              <![CDATA[<br>]]>
            </line>
            <line>
              <![CDATA[<br>]]>
            </line>
            <line>
              <![CDATA[<a target = "_blank" href=C:\Users\USER\IdeaProjects\testng-week15-tutorialsninja-naresh/test-output/html/verifyProductsPriceDisplayHighToLowSuccessfullyTue_Dec_13_00_39_27_GMT_2022.jpg><img src=C:\Users\USER\IdeaProjects\testng-week15-tutorialsninja-naresh/test-output/html/verifyProductsPriceDisplayHighToLowSuccessfullyTue_Dec_13_00_39_27_GMT_2022.jpg height=200 width=200></img></a>]]>
            </line>
          </reporter-output>
        </test-method> <!-- verifyProductsPriceDisplayHighToLowSuccessfully -->
        <test-method status="PASS" signature="tearDown()[pri:0, instance:com.tutorialsninja.testsuite.LaptopsAndNotebookTest@6d3af739]" name="tearDown" is-config="true" duration-ms="729" started-at="2022-12-13T00:39:27 GMT" finished-at="2022-12-13T00:39:28 GMT">
          <reporter-output>
          </reporter-output>
        </test-method> <!-- tearDown -->
        <test-method status="PASS" signature="setUp()[pri:0, instance:com.tutorialsninja.testsuite.LaptopsAndNotebookTest@6d3af739]" name="setUp" is-config="true" duration-ms="3566" started-at="2022-12-13T00:39:28 GMT" finished-at="2022-12-13T00:39:31 GMT">
          <reporter-output>
          </reporter-output>
        </test-method> <!-- setUp -->
        <test-method status="PASS" signature="inIt()[pri:0, instance:com.tutorialsninja.testsuite.LaptopsAndNotebookTest@6d3af739]" name="inIt" is-config="true" duration-ms="2" started-at="2022-12-13T00:39:31 GMT" finished-at="2022-12-13T00:39:31 GMT">
          <reporter-output>
          </reporter-output>
        </test-method> <!-- inIt -->
        <test-method status="FAIL" signature="verifyThatUserPlaceOrderSuccessfully()[pri:0, instance:com.tutorialsninja.testsuite.LaptopsAndNotebookTest@6d3af739]" name="verifyThatUserPlaceOrderSuccessfully" duration-ms="56288" started-at="2022-12-13T00:39:31 GMT" finished-at="2022-12-13T00:40:27 GMT">
          <exception class="org.openqa.selenium.NoSuchElementException">
            <message>
              <![CDATA[no such element: Unable to locate element: {"method":"xpath","selector":"//textarea[@name='comment']"}
  (Session info: chrome=108.0.5359.99)
For documentation on this error, please visit: https://selenium.dev/exceptions/#no_such_element
Build info: version: '4.6.0', revision: '79f1c02ae20'
System info: os.name: 'Windows 10', os.arch: 'amd64', os.version: '10.0', java.version: '1.8.0_121'
Driver info: org.openqa.selenium.chrome.ChromeDriver
Command: [fc9b20e4f70390e2fef0607b0fd255e5, findElement {using=xpath, value=//textarea[@name='comment']}]
Capabilities {acceptInsecureCerts: false, browserName: chrome, browserVersion: 108.0.5359.99, chrome: {chromedriverVersion: 108.0.5359.71 (1e0e3868ee06..., userDataDir: C:\Users\USER\AppData\Local...}, goog:chromeOptions: {debuggerAddress: localhost:58173}, networkConnectionEnabled: false, pageLoadStrategy: normal, platformName: WINDOWS, proxy: Proxy(), se:cdp: ws://localhost:58173/devtoo..., se:cdpVersion: 108.0.5359.99, setWindowRect: true, strictFileInteractability: false, timeouts: {implicit: 0, pageLoad: 300000, script: 30000}, unhandledPromptBehavior: dismiss and notify, webauthn:extension:credBlob: true, webauthn:extension:largeBlob: true, webauthn:virtualAuthenticators: true}
Session ID: fc9b20e4f70390e2fef0607b0fd255e5]]>
            </message>
            <full-stacktrace>
              <![CDATA[org.openqa.selenium.NoSuchElementException: no such element: Unable to locate element: {"method":"xpath","selector":"//textarea[@name='comment']"}
  (Session info: chrome=108.0.5359.99)
For documentation on this error, please visit: https://selenium.dev/exceptions/#no_such_element
Build info: version: '4.6.0', revision: '79f1c02ae20'
System info: os.name: 'Windows 10', os.arch: 'amd64', os.version: '10.0', java.version: '1.8.0_121'
Driver info: org.openqa.selenium.chrome.ChromeDriver
Command: [fc9b20e4f70390e2fef0607b0fd255e5, findElement {using=xpath, value=//textarea[@name='comment']}]
Capabilities {acceptInsecureCerts: false, browserName: chrome, browserVersion: 108.0.5359.99, chrome: {chromedriverVersion: 108.0.5359.71 (1e0e3868ee06..., userDataDir: C:\Users\USER\AppData\Local...}, goog:chromeOptions: {debuggerAddress: localhost:58173}, networkConnectionEnabled: false, pageLoadStrategy: normal, platformName: WINDOWS, proxy: Proxy(), se:cdp: ws://localhost:58173/devtoo..., se:cdpVersion: 108.0.5359.99, setWindowRect: true, strictFileInteractability: false, timeouts: {implicit: 0, pageLoad: 300000, script: 30000}, unhandledPromptBehavior: dismiss and notify, webauthn:extension:credBlob: true, webauthn:extension:largeBlob: true, webauthn:virtualAuthenticators: true}
Session ID: fc9b20e4f70390e2fef0607b0fd255e5
at sun.reflect.NativeConstructorAccessorImpl.newInstance0(Native Method)
at sun.reflect.NativeConstructorAccessorImpl.newInstance(NativeConstructorAccessorImpl.java:62)
at sun.reflect.DelegatingConstructorAccessorImpl.newInstance(DelegatingConstructorAccessorImpl.java:45)
at java.lang.reflect.Constructor.newInstance(Constructor.java:423)
at org.openqa.selenium.remote.codec.w3c.W3CHttpResponseCodec.createException(W3CHttpResponseCodec.java:200)
at org.openqa.selenium.remote.codec.w3c.W3CHttpResponseCodec.decode(W3CHttpResponseCodec.java:133)
at org.openqa.selenium.remote.codec.w3c.W3CHttpResponseCodec.decode(W3CHttpResponseCodec.java:53)
at org.openqa.selenium.remote.HttpCommandExecutor.execute(HttpCommandExecutor.java:184)
at org.openqa.selenium.remote.service.DriverCommandExecutor.invokeExecute(DriverCommandExecutor.java:167)
at org.openqa.selenium.remote.service.DriverCommandExecutor.execute(DriverCommandExecutor.java:142)
at org.openqa.selenium.remote.RemoteWebDriver.execute(RemoteWebDriver.java:541)
at org.openqa.selenium.remote.ElementLocation$ElementFinder$2.findElement(ElementLocation.java:162)
at org.openqa.selenium.remote.ElementLocation.findElement(ElementLocation.java:60)
at org.openqa.selenium.remote.RemoteWebDriver.findElement(RemoteWebDriver.java:365)
at org.openqa.selenium.remote.RemoteWebDriver.findElement(RemoteWebDriver.java:357)
at org.openqa.selenium.support.pagefactory.DefaultElementLocator.findElement(DefaultElementLocator.java:70)
at org.openqa.selenium.support.pagefactory.internal.LocatingElementHandler.invoke(LocatingElementHandler.java:39)
at com.sun.proxy.$Proxy16.sendKeys(Unknown Source)
at com.tutorialsninja.utility.Utility.sendTextToElement(Utility.java:72)
at com.tutorialsninja.pages.LaptopsAndNotebooks.enterText(LaptopsAndNotebooks.java:340)
at com.tutorialsninja.testsuite.LaptopsAndNotebookTest.verifyThatUserPlaceOrderSuccessfully(LaptopsAndNotebookTest.java:73)
at sun.reflect.NativeMethodAccessorImpl.invoke0(Native Method)
at sun.reflect.NativeMethodAccessorImpl.invoke(NativeMethodAccessorImpl.java:62)
at sun.reflect.DelegatingMethodAccessorImpl.invoke(DelegatingMethodAccessorImpl.java:43)
at java.lang.reflect.Method.invoke(Method.java:498)
at org.testng.internal.invokers.MethodInvocationHelper.invokeMethod(MethodInvocationHelper.java:135)
at org.testng.internal.invokers.TestInvoker.invokeMethod(TestInvoker.java:673)
at org.testng.internal.invokers.TestInvoker.invokeTestMethod(TestInvoker.java:220)
at org.testng.internal.invokers.MethodRunner.runInSequence(MethodRunner.java:50)
at org.testng.internal.invokers.TestInvoker$MethodInvocationAgent.invoke(TestInvoker.java:945)
at org.testng.internal.invokers.TestInvoker.invokeTestMethods(TestInvoker.java:193)
at org.testng.internal.invokers.TestMethodWorker.invokeTestMethods(TestMethodWorker.java:146)
at org.testng.internal.invokers.TestMethodWorker.run(TestMethodWorker.java:128)
at java.util.ArrayList.forEach(ArrayList.java:1249)
at org.testng.TestRunner.privateRun(TestRunner.java:808)
at org.testng.TestRunner.run(TestRunner.java:603)
at org.testng.SuiteRunner.runTest(SuiteRunner.java:429)
at org.testng.SuiteRunner.runSequentially(SuiteRunner.java:423)
at org.testng.SuiteRunner.privateRun(SuiteRunner.java:383)
at org.testng.SuiteRunner.run(SuiteRunner.java:326)
at org.testng.SuiteRunnerWorker.runSuite(SuiteRunnerWorker.java:52)
at org.testng.SuiteRunnerWorker.run(SuiteRunnerWorker.java:95)
at org.testng.TestNG.runSuitesSequentially(TestNG.java:1249)
at org.testng.TestNG.runSuitesLocally(TestNG.java:1169)
at org.testng.TestNG.runSuites(TestNG.java:1092)
at org.testng.TestNG.run(TestNG.java:1060)
at com.intellij.rt.testng.IDEARemoteTestNG.run(IDEARemoteTestNG.java:66)
at com.intellij.rt.testng.RemoteTestNGStarter.main(RemoteTestNGStarter.java:109)
]]>
            </full-stacktrace>
          </exception> <!-- org.openqa.selenium.NoSuchElementException -->
          <reporter-output>
            <line>
              <![CDATA[clickOnAllLaptopAndNotebooksLink[[ChromeDriver: chrome on WINDOWS (fc9b20e4f70390e2fef0607b0fd255e5)] -> link text: Show All Laptops & Notebooks]]]>
            </line>
            <line>
              <![CDATA[sortByPriceHighToLowfromDropdown[[ChromeDriver: chrome on WINDOWS (fc9b20e4f70390e2fef0607b0fd255e5)] -> id: input-sort]]]>
            </line>
            <line>
              <![CDATA[clickOnMacbookLink[[ChromeDriver: chrome on WINDOWS (fc9b20e4f70390e2fef0607b0fd255e5)] -> link text: MacBook]]]>
            </line>
            <line>
              <![CDATA[getVerifyMacbook[[ChromeDriver: chrome on WINDOWS (fc9b20e4f70390e2fef0607b0fd255e5)] -> link text: MacBook]]]>
            </line>
            <line>
              <![CDATA[clickOnAddToCart[[ChromeDriver: chrome on WINDOWS (fc9b20e4f70390e2fef0607b0fd255e5)] -> xpath: //button[@id='button-cart']]]]>
            </line>
            <line>
              <![CDATA[getVerifySuccess[[ChromeDriver: chrome on WINDOWS (fc9b20e4f70390e2fef0607b0fd255e5)] -> xpath: //div[@class='alert alert-success alert-dismissible']]]]>
            </line>
            <line>
              <![CDATA[clickOnShoppingCart[[ChromeDriver: chrome on WINDOWS (fc9b20e4f70390e2fef0607b0fd255e5)] -> xpath: //button[@id='button-cart']]]]>
            </line>
            <line>
              <![CDATA[getVerifyProductMacbook[[ChromeDriver: chrome on WINDOWS (fc9b20e4f70390e2fef0607b0fd255e5)] -> xpath: //div[@id='content']//h1]]]>
            </line>
            <line>
              <![CDATA[sendTextToQuantityField[[ChromeDriver: chrome on WINDOWS (fc9b20e4f70390e2fef0607b0fd255e5)] -> xpath: //input[contains(@name, 'quantity')]]]]>
            </line>
            <line>
              <![CDATA[clickOnCheckoutCart[[ChromeDriver: chrome on WINDOWS (fc9b20e4f70390e2fef0607b0fd255e5)] -> xpath: //header/div[1]/div[1]/div[3]/div[1]/button[1]]]]>
            </line>
            <line>
              <![CDATA[clickOnFinalCheckout[[ChromeDriver: chrome on WINDOWS (fc9b20e4f70390e2fef0607b0fd255e5)] -> xpath: //body[1]/header[1]/div[1]/div[1]/div[3]/div[1]/ul[1]/li[2]/div[1]/p[1]/a[2]/strong[1]]]]>
            </line>
            <line>
              <![CDATA[getVerifyCheckout[[ChromeDriver: chrome on WINDOWS (fc9b20e4f70390e2fef0607b0fd255e5)] -> xpath: //a[contains(text(),'Checkout')]]]]>
            </line>
            <line>
              <![CDATA[getVerifyNewCustomer[[ChromeDriver: chrome on WINDOWS (fc9b20e4f70390e2fef0607b0fd255e5)] -> xpath: //div[@class='col-sm-6']//h2]]]>
            </line>
            <line>
              <![CDATA[clickOnGuestCheckout[[ChromeDriver: chrome on WINDOWS (fc9b20e4f70390e2fef0607b0fd255e5)] -> xpath: //label[text()[normalize-space()='Guest Checkout']]]]]>
            </line>
            <line>
              <![CDATA[clickOnContinueTab[[ChromeDriver: chrome on WINDOWS (fc9b20e4f70390e2fef0607b0fd255e5)] -> xpath: //input[@id='button-account']]]]>
            </line>
            <line>
              <![CDATA[enterNam[[ChromeDriver: chrome on WINDOWS (fc9b20e4f70390e2fef0607b0fd255e5)] -> name: firstname]]]>
            </line>
            <line>
              <![CDATA[enterLastName[[ChromeDriver: chrome on WINDOWS (fc9b20e4f70390e2fef0607b0fd255e5)] -> name: lastname]]]>
            </line>
            <line>
              <![CDATA[enterEmail[[ChromeDriver: chrome on WINDOWS (fc9b20e4f70390e2fef0607b0fd255e5)] -> id: input-payment-email]]]>
            </line>
            <line>
              <![CDATA[enterTelephone[[ChromeDriver: chrome on WINDOWS (fc9b20e4f70390e2fef0607b0fd255e5)] -> name: telephone]]]>
            </line>
            <line>
              <![CDATA[enterAddress[[ChromeDriver: chrome on WINDOWS (fc9b20e4f70390e2fef0607b0fd255e5)] -> name: address_1]]]>
            </line>
            <line>
              <![CDATA[enterCity[[ChromeDriver: chrome on WINDOWS (fc9b20e4f70390e2fef0607b0fd255e5)] -> name: city]]]>
            </line>
            <line>
              <![CDATA[enterPostcode[[ChromeDriver: chrome on WINDOWS (fc9b20e4f70390e2fef0607b0fd255e5)] -> name: postcode]]]>
            </line>
            <line>
              <![CDATA[enterCountry[[ChromeDriver: chrome on WINDOWS (fc9b20e4f70390e2fef0607b0fd255e5)] -> id: input-payment-country]]]>
            </line>
            <line>
              <![CDATA[enterState[[ChromeDriver: chrome on WINDOWS (fc9b20e4f70390e2fef0607b0fd255e5)] -> xpath: //select[@id='input-payment-zone']]]]>
            </line>
            <line>
              <![CDATA[clickOnCheckout[[ChromeDriver: chrome on WINDOWS (fc9b20e4f70390e2fef0607b0fd255e5)] -> xpath: (//input[@value='Continue'])[2]]]]>
            </line>
            <line>
              <![CDATA[enterTextProxy element for: DefaultElementLocator 'By.xpath: //textarea[@name='comment']']]>
            </line>
            <line>
              <![CDATA[Click to see screenshot]]>
            </line>
            <line>
              <![CDATA[<a target = "_blank" href=C:\Users\USER\IdeaProjects\testng-week15-tutorialsninja-naresh/test-output/html/verifyThatUserPlaceOrderSuccessfullyTue_Dec_13_00_40_28_GMT_2022.jpg>Screenshot</a>]]>
            </line>
            <line>
              <![CDATA[<br>]]>
            </line>
            <line>
              <![CDATA[<br>]]>
            </line>
            <line>
              <![CDATA[<a target = "_blank" href=C:\Users\USER\IdeaProjects\testng-week15-tutorialsninja-naresh/test-output/html/verifyThatUserPlaceOrderSuccessfullyTue_Dec_13_00_40_28_GMT_2022.jpg><img src=C:\Users\USER\IdeaProjects\testng-week15-tutorialsninja-naresh/test-output/html/verifyThatUserPlaceOrderSuccessfullyTue_Dec_13_00_40_28_GMT_2022.jpg height=200 width=200></img></a>]]>
            </line>
          </reporter-output>
        </test-method> <!-- verifyThatUserPlaceOrderSuccessfully -->
        <test-method status="PASS" signature="tearDown()[pri:0, instance:com.tutorialsninja.testsuite.LaptopsAndNotebookTest@6d3af739]" name="tearDown" is-config="true" duration-ms="628" started-at="2022-12-13T00:40:28 GMT" finished-at="2022-12-13T00:40:29 GMT">
          <reporter-output>
          </reporter-output>
        </test-method> <!-- tearDown -->
      </class> <!-- com.tutorialsninja.testsuite.LaptopsAndNotebookTest -->
      <class name="com.tutorialsninja.testsuite.DesktopTest">
        <test-method status="PASS" signature="setUp()[pri:0, instance:com.tutorialsninja.testsuite.DesktopTest@47db50c5]" name="setUp" is-config="true" duration-ms="5154" started-at="2022-12-13T00:38:32 GMT" finished-at="2022-12-13T00:38:37 GMT">
          <reporter-output>
          </reporter-output>
        </test-method> <!-- setUp -->
        <test-method status="PASS" signature="inIt()[pri:0, instance:com.tutorialsninja.testsuite.DesktopTest@47db50c5]" name="inIt" is-config="true" duration-ms="49" started-at="2022-12-13T00:38:37 GMT" finished-at="2022-12-13T00:38:37 GMT">
          <reporter-output>
          </reporter-output>
        </test-method> <!-- inIt -->
        <test-method status="PASS" signature="verifyProductAddedToShoppingCartSuccessFully()[pri:0, instance:com.tutorialsninja.testsuite.DesktopTest@47db50c5]" name="verifyProductAddedToShoppingCartSuccessFully" duration-ms="20426" started-at="2022-12-13T00:38:37 GMT" finished-at="2022-12-13T00:38:58 GMT">
          <reporter-output>
            <line>
              <![CDATA[clickOnCurrencyLink[[ChromeDriver: chrome on WINDOWS (e780a06e0d9da95322419468340cd096)] -> xpath: //span[contains(text(),'Currency')]]]]>
            </line>
            <line>
              <![CDATA[clickOnDesktopLink[[ChromeDriver: chrome on WINDOWS (e780a06e0d9da95322419468340cd096)] -> link text: Desktops]]]>
            </line>
            <line>
              <![CDATA[clickOnAllDesktop[[ChromeDriver: chrome on WINDOWS (e780a06e0d9da95322419468340cd096)] -> xpath: //a[contains(text(),'Show All Desktops')]]]]>
            </line>
            <line>
              <![CDATA[SortByNameZtoAfromDropdown[[ChromeDriver: chrome on WINDOWS (e780a06e0d9da95322419468340cd096)] -> id: input-sort]]]>
            </line>
            <line>
              <![CDATA[clickOnHPlp3065[[ChromeDriver: chrome on WINDOWS (e780a06e0d9da95322419468340cd096)] -> xpath: //a[contains(text(),'HP LP3065')]]]]>
            </line>
            <line>
              <![CDATA[getVerifyTextHp[[ChromeDriver: chrome on WINDOWS (e780a06e0d9da95322419468340cd096)] -> xpath: //h1[contains(text(),'HP LP3065')]]]]>
            </line>
            <line>
              <![CDATA[clickOnAdToCart[[ChromeDriver: chrome on WINDOWS (e780a06e0d9da95322419468340cd096)] -> xpath: //button[@id='button-cart']]]]>
            </line>
            <line>
              <![CDATA[getVerifyMessage[[ChromeDriver: chrome on WINDOWS (e780a06e0d9da95322419468340cd096)] -> css selector: body:nth-child(2) div.container:nth-child(4) > div.alert.alert-success.alert-dismissible]]]>
            </line>
            <line>
              <![CDATA[clickOnShppingCart[[ChromeDriver: chrome on WINDOWS (e780a06e0d9da95322419468340cd096)] -> xpath: //a[contains(text(),'shopping cart')]]]]>
            </line>
            <line>
              <![CDATA[getVerifyShoppingCart[[ChromeDriver: chrome on WINDOWS (e780a06e0d9da95322419468340cd096)] -> xpath: //div[@id='content']//h1]]]>
            </line>
            <line>
              <![CDATA[getVerifyProductNam[[ChromeDriver: chrome on WINDOWS (e780a06e0d9da95322419468340cd096)] -> xpath: //div[@class = 'table-responsive']/table/tbody/tr/td[2]/a]]]>
            </line>
            <line>
              <![CDATA[getVerifyMode[[ChromeDriver: chrome on WINDOWS (e780a06e0d9da95322419468340cd096)] -> xpath: //div[@class = 'table-responsive']/table/tbody/tr/td[3]]]]>
            </line>
            <line>
              <![CDATA[getVerifyTotal[[ChromeDriver: chrome on WINDOWS (e780a06e0d9da95322419468340cd096)] -> xpath: //div[@class = 'table-responsive']/table/tbody/tr/td[6]]]]>
            </line>
            <line>
              <![CDATA[Click to see screenshot]]>
            </line>
            <line>
              <![CDATA[<a target = "_blank" href=C:\Users\USER\IdeaProjects\testng-week15-tutorialsninja-naresh/test-output/html/verifyProductAddedToShoppingCartSuccessFullyTue_Dec_13_00_38_58_GMT_2022.jpg>Screenshot</a>]]>
            </line>
            <line>
              <![CDATA[<br>]]>
            </line>
            <line>
              <![CDATA[<br>]]>
            </line>
            <line>
              <![CDATA[<a target = "_blank" href=C:\Users\USER\IdeaProjects\testng-week15-tutorialsninja-naresh/test-output/html/verifyProductAddedToShoppingCartSuccessFullyTue_Dec_13_00_38_58_GMT_2022.jpg><img src=C:\Users\USER\IdeaProjects\testng-week15-tutorialsninja-naresh/test-output/html/verifyProductAddedToShoppingCartSuccessFullyTue_Dec_13_00_38_58_GMT_2022.jpg height=200 width=200></img></a>]]>
            </line>
          </reporter-output>
        </test-method> <!-- verifyProductAddedToShoppingCartSuccessFully -->
        <test-method status="PASS" signature="tearDown()[pri:0, instance:com.tutorialsninja.testsuite.DesktopTest@47db50c5]" name="tearDown" is-config="true" duration-ms="758" started-at="2022-12-13T00:38:58 GMT" finished-at="2022-12-13T00:38:59 GMT">
          <reporter-output>
          </reporter-output>
        </test-method> <!-- tearDown -->
        <test-method status="PASS" signature="setUp()[pri:0, instance:com.tutorialsninja.testsuite.DesktopTest@47db50c5]" name="setUp" is-config="true" duration-ms="3409" started-at="2022-12-13T00:38:59 GMT" finished-at="2022-12-13T00:39:02 GMT">
          <reporter-output>
          </reporter-output>
        </test-method> <!-- setUp -->
        <test-method status="PASS" signature="inIt()[pri:0, instance:com.tutorialsninja.testsuite.DesktopTest@47db50c5]" name="inIt" is-config="true" duration-ms="7" started-at="2022-12-13T00:39:02 GMT" finished-at="2022-12-13T00:39:02 GMT">
          <reporter-output>
          </reporter-output>
        </test-method> <!-- inIt -->
        <test-method status="PASS" signature="verifyProductArrangeInAlphabeticalOrder()[pri:0, instance:com.tutorialsninja.testsuite.DesktopTest@47db50c5]" name="verifyProductArrangeInAlphabeticalOrder" duration-ms="2092" started-at="2022-12-13T00:39:02 GMT" finished-at="2022-12-13T00:39:04 GMT">
          <reporter-output>
            <line>
              <![CDATA[clickOnDesktopLink[[ChromeDriver: chrome on WINDOWS (918e29c647bc6fe7d51bb9b014e98868)] -> link text: Desktops]]]>
            </line>
            <line>
              <![CDATA[clickOnAllDesktop[[ChromeDriver: chrome on WINDOWS (918e29c647bc6fe7d51bb9b014e98868)] -> xpath: //a[contains(text(),'Show All Desktops')]]]]>
            </line>
            <line>
              <![CDATA[Click to see screenshot]]>
            </line>
            <line>
              <![CDATA[<a target = "_blank" href=C:\Users\USER\IdeaProjects\testng-week15-tutorialsninja-naresh/test-output/html/verifyProductArrangeInAlphabeticalOrderTue_Dec_13_00_39_04_GMT_2022.jpg>Screenshot</a>]]>
            </line>
            <line>
              <![CDATA[<br>]]>
            </line>
            <line>
              <![CDATA[<br>]]>
            </line>
            <line>
              <![CDATA[<a target = "_blank" href=C:\Users\USER\IdeaProjects\testng-week15-tutorialsninja-naresh/test-output/html/verifyProductArrangeInAlphabeticalOrderTue_Dec_13_00_39_04_GMT_2022.jpg><img src=C:\Users\USER\IdeaProjects\testng-week15-tutorialsninja-naresh/test-output/html/verifyProductArrangeInAlphabeticalOrderTue_Dec_13_00_39_04_GMT_2022.jpg height=200 width=200></img></a>]]>
            </line>
          </reporter-output>
        </test-method> <!-- verifyProductArrangeInAlphabeticalOrder -->
        <test-method status="PASS" signature="tearDown()[pri:0, instance:com.tutorialsninja.testsuite.DesktopTest@47db50c5]" name="tearDown" is-config="true" duration-ms="738" started-at="2022-12-13T00:39:04 GMT" finished-at="2022-12-13T00:39:05 GMT">
          <reporter-output>
          </reporter-output>
        </test-method> <!-- tearDown -->
      </class> <!-- com.tutorialsninja.testsuite.DesktopTest -->
      <class name="com.tutorialsninja.testsuite.HomePageTest">
        <test-method status="PASS" signature="setUp()[pri:0, instance:com.tutorialsninja.testsuite.HomePageTest@4ae82894]" name="setUp" is-config="true" duration-ms="3410" started-at="2022-12-13T00:39:05 GMT" finished-at="2022-12-13T00:39:09 GMT">
          <reporter-output>
          </reporter-output>
        </test-method> <!-- setUp -->
        <test-method status="PASS" signature="inIt()[pri:0, instance:com.tutorialsninja.testsuite.HomePageTest@4ae82894]" name="inIt" is-config="true" duration-ms="1" started-at="2022-12-13T00:39:09 GMT" finished-at="2022-12-13T00:39:09 GMT">
          <reporter-output>
          </reporter-output>
        </test-method> <!-- inIt -->
        <test-method status="PASS" signature="verifyUserShouldNavigateToComponentsPageSuccessfully()[pri:0, instance:com.tutorialsninja.testsuite.HomePageTest@4ae82894]" name="verifyUserShouldNavigateToComponentsPageSuccessfully" duration-ms="726" started-at="2022-12-13T00:39:09 GMT" finished-at="2022-12-13T00:39:09 GMT">
          <reporter-output>
            <line>
              <![CDATA[clickOnComponantsLink[[ChromeDriver: chrome on WINDOWS (e286b093a11615420d99e650bc151db6)] -> link text: Components]]]>
            </line>
            <line>
              <![CDATA[getVerifyText2[[ChromeDriver: chrome on WINDOWS (e286b093a11615420d99e650bc151db6)] -> xpath: //h2[contains(text(),'Components')]]]]>
            </line>
            <line>
              <![CDATA[Click to see screenshot]]>
            </line>
            <line>
              <![CDATA[<a target = "_blank" href=C:\Users\USER\IdeaProjects\testng-week15-tutorialsninja-naresh/test-output/html/verifyUserShouldNavigateToComponentsPageSuccessfullyTue_Dec_13_00_39_10_GMT_2022.jpg>Screenshot</a>]]>
            </line>
            <line>
              <![CDATA[<br>]]>
            </line>
            <line>
              <![CDATA[<br>]]>
            </line>
            <line>
              <![CDATA[<a target = "_blank" href=C:\Users\USER\IdeaProjects\testng-week15-tutorialsninja-naresh/test-output/html/verifyUserShouldNavigateToComponentsPageSuccessfullyTue_Dec_13_00_39_10_GMT_2022.jpg><img src=C:\Users\USER\IdeaProjects\testng-week15-tutorialsninja-naresh/test-output/html/verifyUserShouldNavigateToComponentsPageSuccessfullyTue_Dec_13_00_39_10_GMT_2022.jpg height=200 width=200></img></a>]]>
            </line>
          </reporter-output>
        </test-method> <!-- verifyUserShouldNavigateToComponentsPageSuccessfully -->
        <test-method status="PASS" signature="tearDown()[pri:0, instance:com.tutorialsninja.testsuite.HomePageTest@4ae82894]" name="tearDown" is-config="true" duration-ms="742" started-at="2022-12-13T00:39:10 GMT" finished-at="2022-12-13T00:39:10 GMT">
          <reporter-output>
          </reporter-output>
        </test-method> <!-- tearDown -->
        <test-method status="PASS" signature="setUp()[pri:0, instance:com.tutorialsninja.testsuite.HomePageTest@4ae82894]" name="setUp" is-config="true" duration-ms="3491" started-at="2022-12-13T00:39:10 GMT" finished-at="2022-12-13T00:39:14 GMT">
          <reporter-output>
          </reporter-output>
        </test-method> <!-- setUp -->
        <test-method status="PASS" signature="inIt()[pri:0, instance:com.tutorialsninja.testsuite.HomePageTest@4ae82894]" name="inIt" is-config="true" duration-ms="1" started-at="2022-12-13T00:39:14 GMT" finished-at="2022-12-13T00:39:14 GMT">
          <reporter-output>
          </reporter-output>
        </test-method> <!-- inIt -->
        <test-method status="PASS" signature="verifyUserShouldNavigateToDesktopsPageSuccessfully()[pri:0, instance:com.tutorialsninja.testsuite.HomePageTest@4ae82894]" name="verifyUserShouldNavigateToDesktopsPageSuccessfully" duration-ms="1134" started-at="2022-12-13T00:39:14 GMT" finished-at="2022-12-13T00:39:15 GMT">
          <reporter-output>
            <line>
              <![CDATA[clickOnDesktopLink[[ChromeDriver: chrome on WINDOWS (68fb56da176fc3e3d4acc30e30f429a2)] -> link text: Desktops]]]>
            </line>
            <line>
              <![CDATA[getVerifyText[[ChromeDriver: chrome on WINDOWS (68fb56da176fc3e3d4acc30e30f429a2)] -> xpath: //h2[contains(text(),'Desktops')]]]]>
            </line>
            <line>
              <![CDATA[Click to see screenshot]]>
            </line>
            <line>
              <![CDATA[<a target = "_blank" href=C:\Users\USER\IdeaProjects\testng-week15-tutorialsninja-naresh/test-output/html/verifyUserShouldNavigateToDesktopsPageSuccessfullyTue_Dec_13_00_39_15_GMT_2022.jpg>Screenshot</a>]]>
            </line>
            <line>
              <![CDATA[<br>]]>
            </line>
            <line>
              <![CDATA[<br>]]>
            </line>
            <line>
              <![CDATA[<a target = "_blank" href=C:\Users\USER\IdeaProjects\testng-week15-tutorialsninja-naresh/test-output/html/verifyUserShouldNavigateToDesktopsPageSuccessfullyTue_Dec_13_00_39_15_GMT_2022.jpg><img src=C:\Users\USER\IdeaProjects\testng-week15-tutorialsninja-naresh/test-output/html/verifyUserShouldNavigateToDesktopsPageSuccessfullyTue_Dec_13_00_39_15_GMT_2022.jpg height=200 width=200></img></a>]]>
            </line>
          </reporter-output>
        </test-method> <!-- verifyUserShouldNavigateToDesktopsPageSuccessfully -->
        <test-method status="PASS" signature="tearDown()[pri:0, instance:com.tutorialsninja.testsuite.HomePageTest@4ae82894]" name="tearDown" is-config="true" duration-ms="790" started-at="2022-12-13T00:39:15 GMT" finished-at="2022-12-13T00:39:16 GMT">
          <reporter-output>
          </reporter-output>
        </test-method> <!-- tearDown -->
        <test-method status="PASS" signature="setUp()[pri:0, instance:com.tutorialsninja.testsuite.HomePageTest@4ae82894]" name="setUp" is-config="true" duration-ms="3558" started-at="2022-12-13T00:39:16 GMT" finished-at="2022-12-13T00:39:20 GMT">
          <reporter-output>
          </reporter-output>
        </test-method> <!-- setUp -->
        <test-method status="PASS" signature="inIt()[pri:0, instance:com.tutorialsninja.testsuite.HomePageTest@4ae82894]" name="inIt" is-config="true" duration-ms="2" started-at="2022-12-13T00:39:20 GMT" finished-at="2022-12-13T00:39:20 GMT">
          <reporter-output>
          </reporter-output>
        </test-method> <!-- inIt -->
        <test-method status="PASS" signature="verifyUserShouldNavigateToLaptopsAndNotebooksPageSuccessfully()[pri:0, instance:com.tutorialsninja.testsuite.HomePageTest@4ae82894]" name="verifyUserShouldNavigateToLaptopsAndNotebooksPageSuccessfully" duration-ms="895" started-at="2022-12-13T00:39:20 GMT" finished-at="2022-12-13T00:39:20 GMT">
          <reporter-output>
            <line>
              <![CDATA[clickOnLaptopNotebooksLink[[ChromeDriver: chrome on WINDOWS (c7cc6b5be18c8d891f1ff0f852b6364e)] -> link text: Laptops & Notebooks]]]>
            </line>
            <line>
              <![CDATA[getVerifyText1[[ChromeDriver: chrome on WINDOWS (c7cc6b5be18c8d891f1ff0f852b6364e)] -> xpath: //h2[contains(text(),'Laptops & Notebooks')]]]]>
            </line>
            <line>
              <![CDATA[Click to see screenshot]]>
            </line>
            <line>
              <![CDATA[<a target = "_blank" href=C:\Users\USER\IdeaProjects\testng-week15-tutorialsninja-naresh/test-output/html/verifyUserShouldNavigateToLaptopsAndNotebooksPageSuccessfullyTue_Dec_13_00_39_21_GMT_2022.jpg>Screenshot</a>]]>
            </line>
            <line>
              <![CDATA[<br>]]>
            </line>
            <line>
              <![CDATA[<br>]]>
            </line>
            <line>
              <![CDATA[<a target = "_blank" href=C:\Users\USER\IdeaProjects\testng-week15-tutorialsninja-naresh/test-output/html/verifyUserShouldNavigateToLaptopsAndNotebooksPageSuccessfullyTue_Dec_13_00_39_21_GMT_2022.jpg><img src=C:\Users\USER\IdeaProjects\testng-week15-tutorialsninja-naresh/test-output/html/verifyUserShouldNavigateToLaptopsAndNotebooksPageSuccessfullyTue_Dec_13_00_39_21_GMT_2022.jpg height=200 width=200></img></a>]]>
            </line>
          </reporter-output>
        </test-method> <!-- verifyUserShouldNavigateToLaptopsAndNotebooksPageSuccessfully -->
        <test-method status="PASS" signature="tearDown()[pri:0, instance:com.tutorialsninja.testsuite.HomePageTest@4ae82894]" name="tearDown" is-config="true" duration-ms="791" started-at="2022-12-13T00:39:21 GMT" finished-at="2022-12-13T00:39:22 GMT">
          <reporter-output>
          </reporter-output>
        </test-method> <!-- tearDown -->
      </class> <!-- com.tutorialsninja.testsuite.HomePageTest -->
      <class name="com.tutorialsninja.testsuite.MyAccountTest">
        <test-method status="PASS" signature="setUp()[pri:0, instance:com.tutorialsninja.testsuite.MyAccountTest@1da51a35]" name="setUp" is-config="true" duration-ms="3300" started-at="2022-12-13T00:40:29 GMT" finished-at="2022-12-13T00:40:32 GMT">
          <reporter-output>
          </reporter-output>
        </test-method> <!-- setUp -->
        <test-method status="PASS" signature="inIt()[pri:0, instance:com.tutorialsninja.testsuite.MyAccountTest@1da51a35]" name="inIt" is-config="true" duration-ms="2" started-at="2022-12-13T00:40:32 GMT" finished-at="2022-12-13T00:40:32 GMT">
          <reporter-output>
          </reporter-output>
        </test-method> <!-- inIt -->
        <test-method status="FAIL" signature="verifyThatUserRegisterAccountSuccessfully()[pri:0, instance:com.tutorialsninja.testsuite.MyAccountTest@1da51a35]" name="verifyThatUserRegisterAccountSuccessfully" duration-ms="25719" started-at="2022-12-13T00:40:32 GMT" finished-at="2022-12-13T00:40:58 GMT">
          <exception class="org.openqa.selenium.StaleElementReferenceException">
            <message>
              <![CDATA[stale element reference: element is not attached to the page document
  (Session info: chrome=108.0.5359.99)
For documentation on this error, please visit: https://selenium.dev/exceptions/#stale_element_reference
Build info: version: '4.6.0', revision: '79f1c02ae20'
System info: os.name: 'Windows 10', os.arch: 'amd64', os.version: '10.0', java.version: '1.8.0_121'
Driver info: org.openqa.selenium.chrome.ChromeDriver
Command: [b213698c5e8873da0f58677f83d8fa73, clickElement {id=b3363523-b323-4ea3-8ccf-df370529fa40}]
Capabilities {acceptInsecureCerts: false, browserName: chrome, browserVersion: 108.0.5359.99, chrome: {chromedriverVersion: 108.0.5359.71 (1e0e3868ee06..., userDataDir: C:\Users\USER\AppData\Local...}, goog:chromeOptions: {debuggerAddress: localhost:58243}, networkConnectionEnabled: false, pageLoadStrategy: normal, platformName: WINDOWS, proxy: Proxy(), se:cdp: ws://localhost:58243/devtoo..., se:cdpVersion: 108.0.5359.99, setWindowRect: true, strictFileInteractability: false, timeouts: {implicit: 0, pageLoad: 300000, script: 30000}, unhandledPromptBehavior: dismiss and notify, webauthn:extension:credBlob: true, webauthn:extension:largeBlob: true, webauthn:virtualAuthenticators: true}
Element: [[ChromeDriver: chrome on WINDOWS (b213698c5e8873da0f58677f83d8fa73)] -> xpath: //a[contains(text(),'Continue')]]
Session ID: b213698c5e8873da0f58677f83d8fa73]]>
            </message>
            <full-stacktrace>
              <![CDATA[org.openqa.selenium.StaleElementReferenceException: stale element reference: element is not attached to the page document
  (Session info: chrome=108.0.5359.99)
For documentation on this error, please visit: https://selenium.dev/exceptions/#stale_element_reference
Build info: version: '4.6.0', revision: '79f1c02ae20'
System info: os.name: 'Windows 10', os.arch: 'amd64', os.version: '10.0', java.version: '1.8.0_121'
Driver info: org.openqa.selenium.chrome.ChromeDriver
Command: [b213698c5e8873da0f58677f83d8fa73, clickElement {id=b3363523-b323-4ea3-8ccf-df370529fa40}]
Capabilities {acceptInsecureCerts: false, browserName: chrome, browserVersion: 108.0.5359.99, chrome: {chromedriverVersion: 108.0.5359.71 (1e0e3868ee06..., userDataDir: C:\Users\USER\AppData\Local...}, goog:chromeOptions: {debuggerAddress: localhost:58243}, networkConnectionEnabled: false, pageLoadStrategy: normal, platformName: WINDOWS, proxy: Proxy(), se:cdp: ws://localhost:58243/devtoo..., se:cdpVersion: 108.0.5359.99, setWindowRect: true, strictFileInteractability: false, timeouts: {implicit: 0, pageLoad: 300000, script: 30000}, unhandledPromptBehavior: dismiss and notify, webauthn:extension:credBlob: true, webauthn:extension:largeBlob: true, webauthn:virtualAuthenticators: true}
Element: [[ChromeDriver: chrome on WINDOWS (b213698c5e8873da0f58677f83d8fa73)] -> xpath: //a[contains(text(),'Continue')]]
Session ID: b213698c5e8873da0f58677f83d8fa73
at sun.reflect.NativeConstructorAccessorImpl.newInstance0(Native Method)
at sun.reflect.NativeConstructorAccessorImpl.newInstance(NativeConstructorAccessorImpl.java:62)
at sun.reflect.DelegatingConstructorAccessorImpl.newInstance(DelegatingConstructorAccessorImpl.java:45)
at java.lang.reflect.Constructor.newInstance(Constructor.java:423)
at org.openqa.selenium.remote.codec.w3c.W3CHttpResponseCodec.createException(W3CHttpResponseCodec.java:200)
at org.openqa.selenium.remote.codec.w3c.W3CHttpResponseCodec.decode(W3CHttpResponseCodec.java:133)
at org.openqa.selenium.remote.codec.w3c.W3CHttpResponseCodec.decode(W3CHttpResponseCodec.java:53)
at org.openqa.selenium.remote.HttpCommandExecutor.execute(HttpCommandExecutor.java:184)
at org.openqa.selenium.remote.service.DriverCommandExecutor.invokeExecute(DriverCommandExecutor.java:167)
at org.openqa.selenium.remote.service.DriverCommandExecutor.execute(DriverCommandExecutor.java:142)
at org.openqa.selenium.remote.RemoteWebDriver.execute(RemoteWebDriver.java:541)
at org.openqa.selenium.remote.RemoteWebElement.execute(RemoteWebElement.java:257)
at org.openqa.selenium.remote.RemoteWebElement.click(RemoteWebElement.java:78)
at sun.reflect.GeneratedMethodAccessor2.invoke(Unknown Source)
at sun.reflect.DelegatingMethodAccessorImpl.invoke(DelegatingMethodAccessorImpl.java:43)
at java.lang.reflect.Method.invoke(Method.java:498)
at org.openqa.selenium.support.pagefactory.internal.LocatingElementHandler.invoke(LocatingElementHandler.java:52)
at com.sun.proxy.$Proxy16.click(Unknown Source)
at com.tutorialsninja.utility.Utility.clickOnElement(Utility.java:50)
at com.tutorialsninja.pages.MyAccount.clickOnContinueTab(MyAccount.java:181)
at com.tutorialsninja.testsuite.MyAccountTest.verifyThatUserRegisterAccountSuccessfully(MyAccountTest.java:56)
at sun.reflect.NativeMethodAccessorImpl.invoke0(Native Method)
at sun.reflect.NativeMethodAccessorImpl.invoke(NativeMethodAccessorImpl.java:62)
at sun.reflect.DelegatingMethodAccessorImpl.invoke(DelegatingMethodAccessorImpl.java:43)
at java.lang.reflect.Method.invoke(Method.java:498)
at org.testng.internal.invokers.MethodInvocationHelper.invokeMethod(MethodInvocationHelper.java:135)
at org.testng.internal.invokers.TestInvoker.invokeMethod(TestInvoker.java:673)
at org.testng.internal.invokers.TestInvoker.invokeTestMethod(TestInvoker.java:220)
at org.testng.internal.invokers.MethodRunner.runInSequence(MethodRunner.java:50)
at org.testng.internal.invokers.TestInvoker$MethodInvocationAgent.invoke(TestInvoker.java:945)
at org.testng.internal.invokers.TestInvoker.invokeTestMethods(TestInvoker.java:193)
at org.testng.internal.invokers.TestMethodWorker.invokeTestMethods(TestMethodWorker.java:146)
at org.testng.internal.invokers.TestMethodWorker.run(TestMethodWorker.java:128)
at java.util.ArrayList.forEach(ArrayList.java:1249)
at org.testng.TestRunner.privateRun(TestRunner.java:808)
at org.testng.TestRunner.run(TestRunner.java:603)
at org.testng.SuiteRunner.runTest(SuiteRunner.java:429)
at org.testng.SuiteRunner.runSequentially(SuiteRunner.java:423)
at org.testng.SuiteRunner.privateRun(SuiteRunner.java:383)
at org.testng.SuiteRunner.run(SuiteRunner.java:326)
at org.testng.SuiteRunnerWorker.runSuite(SuiteRunnerWorker.java:52)
at org.testng.SuiteRunnerWorker.run(SuiteRunnerWorker.java:95)
at org.testng.TestNG.runSuitesSequentially(TestNG.java:1249)
at org.testng.TestNG.runSuitesLocally(TestNG.java:1169)
at org.testng.TestNG.runSuites(TestNG.java:1092)
at org.testng.TestNG.run(TestNG.java:1060)
at com.intellij.rt.testng.IDEARemoteTestNG.run(IDEARemoteTestNG.java:66)
at com.intellij.rt.testng.RemoteTestNGStarter.main(RemoteTestNGStarter.java:109)
]]>
            </full-stacktrace>
          </exception> <!-- org.openqa.selenium.StaleElementReferenceException -->
          <reporter-output>
            <line>
              <![CDATA[clickonMyAccount[[ChromeDriver: chrome on WINDOWS (b213698c5e8873da0f58677f83d8fa73)] -> xpath: //span[contains(text(),'My Account')]]]]>
            </line>
            <line>
              <![CDATA[enterFirstName[[ChromeDriver: chrome on WINDOWS (b213698c5e8873da0f58677f83d8fa73)] -> id: input-firstname]]]>
            </line>
            <line>
              <![CDATA[enterLastName[[ChromeDriver: chrome on WINDOWS (b213698c5e8873da0f58677f83d8fa73)] -> id: input-lastname]]]>
            </line>
            <line>
              <![CDATA[enterEmailAdd[[ChromeDriver: chrome on WINDOWS (b213698c5e8873da0f58677f83d8fa73)] -> id: input-email]]]>
            </line>
            <line>
              <![CDATA[enterPhoneBy.id: input-telephone]]>
            </line>
            <line>
              <![CDATA[enterPassword[[ChromeDriver: chrome on WINDOWS (b213698c5e8873da0f58677f83d8fa73)] -> id: input-password]]]>
            </line>
            <line>
              <![CDATA[enterConfirmPass[[ChromeDriver: chrome on WINDOWS (b213698c5e8873da0f58677f83d8fa73)] -> id: input-confirm]]]>
            </line>
            <line>
              <![CDATA[clickYesonNewsLetter[[ChromeDriver: chrome on WINDOWS (b213698c5e8873da0f58677f83d8fa73)] -> xpath: //input[@name='newsletter']]]]>
            </line>
            <line>
              <![CDATA[clickOnPrivacy[[ChromeDriver: chrome on WINDOWS (b213698c5e8873da0f58677f83d8fa73)] -> xpath: //div[@class = 'buttons']//input[@name='agree']]]]>
            </line>
            <line>
              <![CDATA[clickFinalContinue[[ChromeDriver: chrome on WINDOWS (b213698c5e8873da0f58677f83d8fa73)] -> xpath: //div[@class = 'buttons']//input[@value='Continue']]]]>
            </line>
            <line>
              <![CDATA[clickOnContinueButton[[ChromeDriver: chrome on WINDOWS (b213698c5e8873da0f58677f83d8fa73)] -> xpath: //a[contains(text(),'Continue')]]]]>
            </line>
            <line>
              <![CDATA[clickOnMyAccountTab[[ChromeDriver: chrome on WINDOWS (b213698c5e8873da0f58677f83d8fa73)] -> xpath: //span[contains(text(),'My Account')]]]]>
            </line>
            <line>
              <![CDATA[getVerifyLogout[[ChromeDriver: chrome on WINDOWS (b213698c5e8873da0f58677f83d8fa73)] -> xpath: //h1[contains(text(),'Account Logout')]]]]>
            </line>
            <line>
              <![CDATA[clickOnContinueTab[[ChromeDriver: chrome on WINDOWS (b213698c5e8873da0f58677f83d8fa73)] -> xpath: //a[contains(text(),'Continue')]]]]>
            </line>
            <line>
              <![CDATA[Click to see screenshot]]>
            </line>
            <line>
              <![CDATA[<a target = "_blank" href=C:\Users\USER\IdeaProjects\testng-week15-tutorialsninja-naresh/test-output/html/verifyThatUserRegisterAccountSuccessfullyTue_Dec_13_00_40_58_GMT_2022.jpg>Screenshot</a>]]>
            </line>
            <line>
              <![CDATA[<br>]]>
            </line>
            <line>
              <![CDATA[<br>]]>
            </line>
            <line>
              <![CDATA[<a target = "_blank" href=C:\Users\USER\IdeaProjects\testng-week15-tutorialsninja-naresh/test-output/html/verifyThatUserRegisterAccountSuccessfullyTue_Dec_13_00_40_58_GMT_2022.jpg><img src=C:\Users\USER\IdeaProjects\testng-week15-tutorialsninja-naresh/test-output/html/verifyThatUserRegisterAccountSuccessfullyTue_Dec_13_00_40_58_GMT_2022.jpg height=200 width=200></img></a>]]>
            </line>
          </reporter-output>
        </test-method> <!-- verifyThatUserRegisterAccountSuccessfully -->
        <test-method status="PASS" signature="tearDown()[pri:0, instance:com.tutorialsninja.testsuite.MyAccountTest@1da51a35]" name="tearDown" is-config="true" duration-ms="652" started-at="2022-12-13T00:40:58 GMT" finished-at="2022-12-13T00:40:59 GMT">
          <reporter-output>
          </reporter-output>
        </test-method> <!-- tearDown -->
        <test-method status="PASS" signature="setUp()[pri:0, instance:com.tutorialsninja.testsuite.MyAccountTest@1da51a35]" name="setUp" is-config="true" duration-ms="3658" started-at="2022-12-13T00:40:59 GMT" finished-at="2022-12-13T00:41:02 GMT">
          <reporter-output>
          </reporter-output>
        </test-method> <!-- setUp -->
        <test-method status="PASS" signature="inIt()[pri:0, instance:com.tutorialsninja.testsuite.MyAccountTest@1da51a35]" name="inIt" is-config="true" duration-ms="3" started-at="2022-12-13T00:41:02 GMT" finished-at="2022-12-13T00:41:02 GMT">
          <reporter-output>
          </reporter-output>
        </test-method> <!-- inIt -->
        <test-method status="PASS" signature="verifyThatUserShouldLoginAndLogoutSuccessfully()[pri:0, instance:com.tutorialsninja.testsuite.MyAccountTest@1da51a35]" name="verifyThatUserShouldLoginAndLogoutSuccessfully" duration-ms="1909" started-at="2022-12-13T00:41:02 GMT" finished-at="2022-12-13T00:41:04 GMT">
          <reporter-output>
            <line>
              <![CDATA[clickonMyAccount[[ChromeDriver: chrome on WINDOWS (064ba8fe67237017ba43c0156ab800a6)] -> xpath: //span[contains(text(),'My Account')]]]]>
            </line>
            <line>
              <![CDATA[enterEmailAdd[[ChromeDriver: chrome on WINDOWS (064ba8fe67237017ba43c0156ab800a6)] -> id: input-email]]]>
            </line>
            <line>
              <![CDATA[enterPassword[[ChromeDriver: chrome on WINDOWS (064ba8fe67237017ba43c0156ab800a6)] -> id: input-password]]]>
            </line>
            <line>
              <![CDATA[clickOnMyAccountTab[[ChromeDriver: chrome on WINDOWS (064ba8fe67237017ba43c0156ab800a6)] -> xpath: //span[contains(text(),'My Account')]]]]>
            </line>
            <line>
              <![CDATA[clickOnContinueTab[[ChromeDriver: chrome on WINDOWS (064ba8fe67237017ba43c0156ab800a6)] -> xpath: //a[contains(text(),'Continue')]]]]>
            </line>
            <line>
              <![CDATA[Click to see screenshot]]>
            </line>
            <line>
              <![CDATA[<a target = "_blank" href=C:\Users\USER\IdeaProjects\testng-week15-tutorialsninja-naresh/test-output/html/verifyThatUserShouldLoginAndLogoutSuccessfullyTue_Dec_13_00_41_05_GMT_2022.jpg>Screenshot</a>]]>
            </line>
            <line>
              <![CDATA[<br>]]>
            </line>
            <line>
              <![CDATA[<br>]]>
            </line>
            <line>
              <![CDATA[<a target = "_blank" href=C:\Users\USER\IdeaProjects\testng-week15-tutorialsninja-naresh/test-output/html/verifyThatUserShouldLoginAndLogoutSuccessfullyTue_Dec_13_00_41_05_GMT_2022.jpg><img src=C:\Users\USER\IdeaProjects\testng-week15-tutorialsninja-naresh/test-output/html/verifyThatUserShouldLoginAndLogoutSuccessfullyTue_Dec_13_00_41_05_GMT_2022.jpg height=200 width=200></img></a>]]>
            </line>
          </reporter-output>
        </test-method> <!-- verifyThatUserShouldLoginAndLogoutSuccessfully -->
        <test-method status="PASS" signature="tearDown()[pri:0, instance:com.tutorialsninja.testsuite.MyAccountTest@1da51a35]" name="tearDown" is-config="true" duration-ms="798" started-at="2022-12-13T00:41:05 GMT" finished-at="2022-12-13T00:41:05 GMT">
          <reporter-output>
          </reporter-output>
        </test-method> <!-- tearDown -->
        <test-method status="PASS" signature="setUp()[pri:0, instance:com.tutorialsninja.testsuite.MyAccountTest@1da51a35]" name="setUp" is-config="true" duration-ms="3374" started-at="2022-12-13T00:41:05 GMT" finished-at="2022-12-13T00:41:09 GMT">
          <reporter-output>
          </reporter-output>
        </test-method> <!-- setUp -->
        <test-method status="PASS" signature="inIt()[pri:0, instance:com.tutorialsninja.testsuite.MyAccountTest@1da51a35]" name="inIt" is-config="true" duration-ms="4" started-at="2022-12-13T00:41:09 GMT" finished-at="2022-12-13T00:41:09 GMT">
          <reporter-output>
          </reporter-output>
        </test-method> <!-- inIt -->
        <test-method status="PASS" signature="verifyUserShouldNavigateToLoginPageSuccessfully()[pri:0, instance:com.tutorialsninja.testsuite.MyAccountTest@1da51a35]" name="verifyUserShouldNavigateToLoginPageSuccessfully" duration-ms="595" started-at="2022-12-13T00:41:09 GMT" finished-at="2022-12-13T00:41:09 GMT">
          <reporter-output>
            <line>
              <![CDATA[clickonMyAccount[[ChromeDriver: chrome on WINDOWS (3d0ca5bd1c6760cb94b9b76dddb2782e)] -> xpath: //span[contains(text(),'My Account')]]]]>
            </line>
            <line>
              <![CDATA[getVerifyReturning[[ChromeDriver: chrome on WINDOWS (3d0ca5bd1c6760cb94b9b76dddb2782e)] -> xpath: //h2[contains(text(),'Returning Customer')]]]]>
            </line>
            <line>
              <![CDATA[Click to see screenshot]]>
            </line>
            <line>
              <![CDATA[<a target = "_blank" href=C:\Users\USER\IdeaProjects\testng-week15-tutorialsninja-naresh/test-output/html/verifyUserShouldNavigateToLoginPageSuccessfullyTue_Dec_13_00_41_10_GMT_2022.jpg>Screenshot</a>]]>
            </line>
            <line>
              <![CDATA[<br>]]>
            </line>
            <line>
              <![CDATA[<br>]]>
            </line>
            <line>
              <![CDATA[<a target = "_blank" href=C:\Users\USER\IdeaProjects\testng-week15-tutorialsninja-naresh/test-output/html/verifyUserShouldNavigateToLoginPageSuccessfullyTue_Dec_13_00_41_10_GMT_2022.jpg><img src=C:\Users\USER\IdeaProjects\testng-week15-tutorialsninja-naresh/test-output/html/verifyUserShouldNavigateToLoginPageSuccessfullyTue_Dec_13_00_41_10_GMT_2022.jpg height=200 width=200></img></a>]]>
            </line>
          </reporter-output>
        </test-method> <!-- verifyUserShouldNavigateToLoginPageSuccessfully -->
        <test-method status="PASS" signature="tearDown()[pri:0, instance:com.tutorialsninja.testsuite.MyAccountTest@1da51a35]" name="tearDown" is-config="true" duration-ms="753" started-at="2022-12-13T00:41:10 GMT" finished-at="2022-12-13T00:41:10 GMT">
          <reporter-output>
          </reporter-output>
        </test-method> <!-- tearDown -->
        <test-method status="PASS" signature="setUp()[pri:0, instance:com.tutorialsninja.testsuite.MyAccountTest@1da51a35]" name="setUp" is-config="true" duration-ms="3464" started-at="2022-12-13T00:41:10 GMT" finished-at="2022-12-13T00:41:14 GMT">
          <reporter-output>
          </reporter-output>
        </test-method> <!-- setUp -->
        <test-method status="PASS" signature="inIt()[pri:0, instance:com.tutorialsninja.testsuite.MyAccountTest@1da51a35]" name="inIt" is-config="true" duration-ms="2" started-at="2022-12-13T00:41:14 GMT" finished-at="2022-12-13T00:41:14 GMT">
          <reporter-output>
          </reporter-output>
        </test-method> <!-- inIt -->
        <test-method status="PASS" signature="verifyUserShouldNavigateToRegisterPageSuccessfully()[pri:0, instance:com.tutorialsninja.testsuite.MyAccountTest@1da51a35]" name="verifyUserShouldNavigateToRegisterPageSuccessfully" duration-ms="21274" started-at="2022-12-13T00:41:14 GMT" finished-at="2022-12-13T00:41:35 GMT">
          <reporter-output>
            <line>
              <![CDATA[clickonMyAccount[[ChromeDriver: chrome on WINDOWS (239b6d703f4779e2139ab07df42cd140)] -> xpath: //span[contains(text(),'My Account')]]]]>
            </line>
            <line>
              <![CDATA[getVerifyRegister[[ChromeDriver: chrome on WINDOWS (239b6d703f4779e2139ab07df42cd140)] -> xpath: //h1[contains(text(),'Register Account')]]]]>
            </line>
            <line>
              <![CDATA[Click to see screenshot]]>
            </line>
            <line>
              <![CDATA[<a target = "_blank" href=C:\Users\USER\IdeaProjects\testng-week15-tutorialsninja-naresh/test-output/html/verifyUserShouldNavigateToRegisterPageSuccessfullyTue_Dec_13_00_41_35_GMT_2022.jpg>Screenshot</a>]]>
            </line>
            <line>
              <![CDATA[<br>]]>
            </line>
            <line>
              <![CDATA[<br>]]>
            </line>
            <line>
              <![CDATA[<a target = "_blank" href=C:\Users\USER\IdeaProjects\testng-week15-tutorialsninja-naresh/test-output/html/verifyUserShouldNavigateToRegisterPageSuccessfullyTue_Dec_13_00_41_35_GMT_2022.jpg><img src=C:\Users\USER\IdeaProjects\testng-week15-tutorialsninja-naresh/test-output/html/verifyUserShouldNavigateToRegisterPageSuccessfullyTue_Dec_13_00_41_35_GMT_2022.jpg height=200 width=200></img></a>]]>
            </line>
          </reporter-output>
        </test-method> <!-- verifyUserShouldNavigateToRegisterPageSuccessfully -->
        <test-method status="PASS" signature="tearDown()[pri:0, instance:com.tutorialsninja.testsuite.MyAccountTest@1da51a35]" name="tearDown" is-config="true" duration-ms="752" started-at="2022-12-13T00:41:35 GMT" finished-at="2022-12-13T00:41:36 GMT">
          <reporter-output>
          </reporter-output>
        </test-method> <!-- tearDown -->
      </class> <!-- com.tutorialsninja.testsuite.MyAccountTest -->
    </test> <!-- Regression Test -->
  </suite> <!-- Regression suite -->
</testng-results>
